SF:/home/openai/strict-rs/strict-pprof-rs/src/addr_validate.rs
FN:25,_RNvNtCs7grcQlcYysN_5pprof13addr_validate11create_pipeB3_
FN:66,_RNvNtCs7grcQlcYysN_5pprof13addr_validate11read_raw_fd
FN:60,_RNvNtCs7grcQlcYysN_5pprof13addr_validate12close_raw_fd
FN:74,_RNvNtCs7grcQlcYysN_5pprof13addr_validate12write_raw_fd
FN:101,_RNvNtCs7grcQlcYysN_5pprof13addr_validate8validate
FN:82,_RNvNtCs7grcQlcYysN_5pprof13addr_validate9open_pipe
FN:25,_RNvNtCsjz8kO90ZYg7_5pprof13addr_validate11create_pipeB3_
FN:66,_RNvNtCsjz8kO90ZYg7_5pprof13addr_validate11read_raw_fd
FN:60,_RNvNtCsjz8kO90ZYg7_5pprof13addr_validate12close_raw_fd
FN:74,_RNvNtCsjz8kO90ZYg7_5pprof13addr_validate12write_raw_fd
FN:101,_RNvNtCsjz8kO90ZYg7_5pprof13addr_validate8validate
FN:82,_RNvNtCsjz8kO90ZYg7_5pprof13addr_validate9open_pipe
FN:221,_RNvNtNtCsjz8kO90ZYg7_5pprof13addr_validate4tests_13validate_heap
FN:213,_RNvNtNtCsjz8kO90ZYg7_5pprof13addr_validate4tests_14validate_stack
FN:232,_RNvNtNtCsjz8kO90ZYg7_5pprof13addr_validate4tests_15failed_validate
FN:152,_RNvNtNtCsjz8kO90ZYg7_5pprof13addr_validate4tests_42raw_fd_helpers_reject_negative_descriptors
FN:193,_RNvNtNtCsjz8kO90ZYg7_5pprof13addr_validate4tests_48validate_writes_probe_bytes_for_readable_address
FN:167,_RNvNtNtCsjz8kO90ZYg7_5pprof13addr_validate4tests_51open_pipe_installs_connected_read_write_descriptors
FN:242,_RNvNtNtCsjz8kO90ZYg7_5pprof13addr_validate4tests_51validate_recovers_after_pipe_descriptors_are_closed
FNDA:1,_RNvNtCs7grcQlcYysN_5pprof13addr_validate11create_pipeB3_
FNDA:200,_RNvNtCs7grcQlcYysN_5pprof13addr_validate11read_raw_fd
FNDA:2,_RNvNtCs7grcQlcYysN_5pprof13addr_validate12close_raw_fd
FNDA:200,_RNvNtCs7grcQlcYysN_5pprof13addr_validate12write_raw_fd
FNDA:200,_RNvNtCs7grcQlcYysN_5pprof13addr_validate8validate
FNDA:1,_RNvNtCs7grcQlcYysN_5pprof13addr_validate9open_pipe
FNDA:6,_RNvNtCsjz8kO90ZYg7_5pprof13addr_validate11create_pipeB3_
FNDA:11475,_RNvNtCsjz8kO90ZYg7_5pprof13addr_validate11read_raw_fd
FNDA:14,_RNvNtCsjz8kO90ZYg7_5pprof13addr_validate12close_raw_fd
FNDA:11474,_RNvNtCsjz8kO90ZYg7_5pprof13addr_validate12write_raw_fd
FNDA:11474,_RNvNtCsjz8kO90ZYg7_5pprof13addr_validate8validate
FNDA:6,_RNvNtCsjz8kO90ZYg7_5pprof13addr_validate9open_pipe
FNDA:1,_RNvNtNtCsjz8kO90ZYg7_5pprof13addr_validate4tests_13validate_heap
FNDA:1,_RNvNtNtCsjz8kO90ZYg7_5pprof13addr_validate4tests_14validate_stack
FNDA:1,_RNvNtNtCsjz8kO90ZYg7_5pprof13addr_validate4tests_15failed_validate
FNDA:1,_RNvNtNtCsjz8kO90ZYg7_5pprof13addr_validate4tests_42raw_fd_helpers_reject_negative_descriptors
FNDA:1,_RNvNtNtCsjz8kO90ZYg7_5pprof13addr_validate4tests_48validate_writes_probe_bytes_for_readable_address
FNDA:1,_RNvNtNtCsjz8kO90ZYg7_5pprof13addr_validate4tests_51open_pipe_installs_connected_read_write_descriptors
FNDA:1,_RNvNtNtCsjz8kO90ZYg7_5pprof13addr_validate4tests_51validate_recovers_after_pipe_descriptors_are_closed
FNF:13
FNH:13
DA:25,7
DA:29,7
DA:30,7
DA:31,7
DA:60,16
DA:61,16
DA:62,10
DA:63,10
DA:64,16
DA:66,11675
DA:67,11675
DA:68,4
DA:69,11671
DA:71,11671
DA:72,11675
DA:74,11674
DA:75,11674
DA:76,1
DA:77,11673
DA:79,11673
DA:80,11674
DA:82,7
DA:83,7
DA:84,7
DA:85,7
DA:86,7
DA:88,7
DA:90,7
DA:91,7
DA:93,7
DA:94,7
DA:101,11674
DA:104,11674
DA:105,2
DA:106,11672
DA:111,11672
DA:112,11672
DA:113,11672
DA:115,11672
DA:116,11666
DA:117,0
DA:118,2
DA:119,4
DA:123,11672
DA:124,0
DA:125,11672
DA:127,11672
DA:129,11672
DA:131,11672
DA:132,11671
DA:133,0
DA:134,1
DA:137,11674
DA:152,1
DA:153,1
DA:154,1
DA:156,1
DA:157,1
DA:159,0
DA:160,1
DA:161,1
DA:164,1
DA:167,1
DA:168,1
DA:169,1
DA:170,1
DA:171,1
DA:172,1
DA:174,1
DA:175,1
DA:176,1
DA:177,1
DA:178,1
DA:180,0
DA:181,1
DA:182,1
DA:183,1
DA:185,0
DA:186,1
DA:187,1
DA:190,1
DA:193,1
DA:194,1
DA:195,1
DA:196,1
DA:198,1
DA:199,1
DA:200,1
DA:202,0
DA:204,1
DA:205,1
DA:206,1
DA:208,0
DA:209,1
DA:210,1
DA:213,1
DA:214,1
DA:215,1
DA:217,1
DA:218,1
DA:221,1
DA:222,1
DA:223,1
DA:225,1000
DA:226,1000
DA:228,1
DA:229,1
DA:232,1
DA:233,1
DA:234,1
DA:235,1
DA:236,1
DA:239,1
DA:242,1
DA:243,1
DA:244,1
DA:246,1
DA:247,1
DA:248,1
DA:249,1
DA:250,1
DA:252,1
DA:253,1
DA:254,1
DA:256,0
DA:257,1
DA:258,1
DA:261,1
BRDA:61,0,0,10
BRDA:61,0,1,6
BRDA:67,0,0,4
BRDA:67,0,1,11671
BRDA:75,0,0,1
BRDA:75,0,1,11673
BRDA:104,0,0,2
BRDA:104,0,1,11672
BRDA:123,0,0,4
BRDA:123,0,1,11668
BRDA:123,1,2,0
BRDA:123,1,3,4
BRF:12
BRH:11
LF:128
LH:119
end_of_record
SF:/home/openai/strict-rs/strict-pprof-rs/src/backtrace/framehop_unwinder.rs
FN:79,_RNvMNtNtCs7grcQlcYysN_5pprof9backtrace17framehop_unwinderNtB2_16FramehopUnwinder3new
FN:109,_RNvNtNtCs7grcQlcYysN_5pprof9backtrace17framehop_unwinder10read_stack
FN:56,_RNvNtNtCs7grcQlcYysN_5pprof9backtrace17framehop_unwinder21get_regs_from_context
FN:126,_RNvXs_NtNtCs7grcQlcYysN_5pprof9backtrace17framehop_unwinderNtB4_5TraceNtB6_5Trace4init
FN:91,_RINvMNtNtCs7grcQlcYysN_5pprof9backtrace17framehop_unwinderNtB3_16FramehopUnwinder11iter_framesNCNvNtB7_8profiler19perf_signal_handler0EB7_
FN:130,_RINvXs_NtNtCs7grcQlcYysN_5pprof9backtrace17framehop_unwinderNtB5_5TraceNtB7_5Trace5traceNCNvNtB9_8profiler19perf_signal_handler0EB9_
FN:97,_RNCINvMNtNtCs7grcQlcYysN_5pprof9backtrace17framehop_unwinderNtB5_16FramehopUnwinder11iter_framesNCNvNtB9_8profiler19perf_signal_handler0E0B9_
FN:118,_RNCNvNtNtCs7grcQlcYysN_5pprof9backtrace17framehop_unwinder8UNWINDER0B7_
FN:189,_RNCNvNtNtNtCsjz8kO90ZYg7_5pprof9backtrace17framehop_unwinder5testss_40trace_returns_when_unwinder_lock_is_busy0B9_
FN:176,_RNCNvNtNtNtCsjz8kO90ZYg7_5pprof9backtrace17framehop_unwinder5testss_45iter_frames_returns_without_context_registers0B9_
FN:79,_RNvMNtNtCsjz8kO90ZYg7_5pprof9backtrace17framehop_unwinderNtB2_16FramehopUnwinder3new
FN:109,_RNvNtNtCsjz8kO90ZYg7_5pprof9backtrace17framehop_unwinder10read_stack
FN:56,_RNvNtNtCsjz8kO90ZYg7_5pprof9backtrace17framehop_unwinder21get_regs_from_context
FN:126,_RNvXs_NtNtCsjz8kO90ZYg7_5pprof9backtrace17framehop_unwinderNtB4_5TraceNtB6_5Trace4init
FN:91,_RINvMNtNtCsjz8kO90ZYg7_5pprof9backtrace17framehop_unwinderNtB3_16FramehopUnwinder11iter_framesNCNvNtB3_5testss_40trace_returns_when_unwinder_lock_is_busy0EB7_
FN:91,_RINvMNtNtCsjz8kO90ZYg7_5pprof9backtrace17framehop_unwinderNtB3_16FramehopUnwinder11iter_framesNCNvNtB3_5testss_45iter_frames_returns_without_context_registers0EB7_
FN:91,_RINvMNtNtCsjz8kO90ZYg7_5pprof9backtrace17framehop_unwinderNtB3_16FramehopUnwinder11iter_framesNCNvNtB7_8profiler19perf_signal_handler0EB7_
FN:130,_RINvXs_NtNtCsjz8kO90ZYg7_5pprof9backtrace17framehop_unwinderNtB5_5TraceNtB7_5Trace5traceNCNvNtB5_5testss_40trace_returns_when_unwinder_lock_is_busy0EB9_
FN:130,_RINvXs_NtNtCsjz8kO90ZYg7_5pprof9backtrace17framehop_unwinderNtB5_5TraceNtB7_5Trace5traceNCNvNtB9_8profiler19perf_signal_handler0EB9_
FN:97,_RNCINvMNtNtCsjz8kO90ZYg7_5pprof9backtrace17framehop_unwinderNtB5_16FramehopUnwinder11iter_framesNCNvNtB5_5testss_40trace_returns_when_unwinder_lock_is_busy0E0B9_
FN:97,_RNCINvMNtNtCsjz8kO90ZYg7_5pprof9backtrace17framehop_unwinderNtB5_16FramehopUnwinder11iter_framesNCNvNtB5_5testss_45iter_frames_returns_without_context_registers0E0B9_
FN:97,_RNCINvMNtNtCsjz8kO90ZYg7_5pprof9backtrace17framehop_unwinderNtB5_16FramehopUnwinder11iter_framesNCNvNtB9_8profiler19perf_signal_handler0E0B9_
FN:118,_RNCNvNtNtCsjz8kO90ZYg7_5pprof9backtrace17framehop_unwinder8UNWINDER0B7_
FN:159,_RNvNtNtNtCsjz8kO90ZYg7_5pprof9backtrace17framehop_unwinder5testss_36null_signal_context_has_no_registers
FN:185,_RNvNtNtNtCsjz8kO90ZYg7_5pprof9backtrace17framehop_unwinder5testss_40trace_returns_when_unwinder_lock_is_busy
FN:167,_RNvNtNtNtCsjz8kO90ZYg7_5pprof9backtrace17framehop_unwinder5testss_42read_stack_rejects_unreadable_null_address
FN:172,_RNvNtNtNtCsjz8kO90ZYg7_5pprof9backtrace17framehop_unwinder5testss_45iter_frames_returns_without_context_registers
FNDA:0,_RNvMNtNtCs7grcQlcYysN_5pprof9backtrace17framehop_unwinderNtB2_16FramehopUnwinder3new
FNDA:0,_RNvNtNtCs7grcQlcYysN_5pprof9backtrace17framehop_unwinder10read_stack
FNDA:0,_RNvNtNtCs7grcQlcYysN_5pprof9backtrace17framehop_unwinder21get_regs_from_context
FNDA:0,_RNvXs_NtNtCs7grcQlcYysN_5pprof9backtrace17framehop_unwinderNtB4_5TraceNtB6_5Trace4init
FNDA:0,_RINvMNtNtCs7grcQlcYysN_5pprof9backtrace17framehop_unwinderNtB3_16FramehopUnwinder11iter_framesNCNvNtB7_8profiler19perf_signal_handler0EB7_
FNDA:0,_RINvXs_NtNtCs7grcQlcYysN_5pprof9backtrace17framehop_unwinderNtB5_5TraceNtB7_5Trace5traceNCNvNtB9_8profiler19perf_signal_handler0EB9_
FNDA:0,_RNCINvMNtNtCs7grcQlcYysN_5pprof9backtrace17framehop_unwinderNtB5_16FramehopUnwinder11iter_framesNCNvNtB9_8profiler19perf_signal_handler0E0B9_
FNDA:0,_RNCNvNtNtCs7grcQlcYysN_5pprof9backtrace17framehop_unwinder8UNWINDER0B7_
FNDA:0,_RNCNvNtNtNtCsjz8kO90ZYg7_5pprof9backtrace17framehop_unwinder5testss_40trace_returns_when_unwinder_lock_is_busy0B9_
FNDA:0,_RNCNvNtNtNtCsjz8kO90ZYg7_5pprof9backtrace17framehop_unwinder5testss_45iter_frames_returns_without_context_registers0B9_
FNDA:3,_RNvMNtNtCsjz8kO90ZYg7_5pprof9backtrace17framehop_unwinderNtB2_16FramehopUnwinder3new
FNDA:10469,_RNvNtNtCsjz8kO90ZYg7_5pprof9backtrace17framehop_unwinder10read_stack
FNDA:496,_RNvNtNtCsjz8kO90ZYg7_5pprof9backtrace17framehop_unwinder21get_regs_from_context
FNDA:20,_RNvXs_NtNtCsjz8kO90ZYg7_5pprof9backtrace17framehop_unwinderNtB4_5TraceNtB6_5Trace4init
FNDA:0,_RINvMNtNtCsjz8kO90ZYg7_5pprof9backtrace17framehop_unwinderNtB3_16FramehopUnwinder11iter_framesNCNvNtB3_5testss_40trace_returns_when_unwinder_lock_is_busy0EB7_
FNDA:1,_RINvMNtNtCsjz8kO90ZYg7_5pprof9backtrace17framehop_unwinderNtB3_16FramehopUnwinder11iter_framesNCNvNtB3_5testss_45iter_frames_returns_without_context_registers0EB7_
FNDA:494,_RINvMNtNtCsjz8kO90ZYg7_5pprof9backtrace17framehop_unwinderNtB3_16FramehopUnwinder11iter_framesNCNvNtB7_8profiler19perf_signal_handler0EB7_
FNDA:1,_RINvXs_NtNtCsjz8kO90ZYg7_5pprof9backtrace17framehop_unwinderNtB5_5TraceNtB7_5Trace5traceNCNvNtB5_5testss_40trace_returns_when_unwinder_lock_is_busy0EB9_
FNDA:494,_RINvXs_NtNtCsjz8kO90ZYg7_5pprof9backtrace17framehop_unwinderNtB5_5TraceNtB7_5Trace5traceNCNvNtB9_8profiler19perf_signal_handler0EB9_
FNDA:0,_RNCINvMNtNtCsjz8kO90ZYg7_5pprof9backtrace17framehop_unwinderNtB5_16FramehopUnwinder11iter_framesNCNvNtB5_5testss_40trace_returns_when_unwinder_lock_is_busy0E0B9_
FNDA:0,_RNCINvMNtNtCsjz8kO90ZYg7_5pprof9backtrace17framehop_unwinderNtB5_16FramehopUnwinder11iter_framesNCNvNtB5_5testss_45iter_frames_returns_without_context_registers0E0B9_
FNDA:10468,_RNCINvMNtNtCsjz8kO90ZYg7_5pprof9backtrace17framehop_unwinderNtB5_16FramehopUnwinder11iter_framesNCNvNtB9_8profiler19perf_signal_handler0E0B9_
FNDA:2,_RNCNvNtNtCsjz8kO90ZYg7_5pprof9backtrace17framehop_unwinder8UNWINDER0B7_
FNDA:1,_RNvNtNtNtCsjz8kO90ZYg7_5pprof9backtrace17framehop_unwinder5testss_36null_signal_context_has_no_registers
FNDA:1,_RNvNtNtNtCsjz8kO90ZYg7_5pprof9backtrace17framehop_unwinder5testss_40trace_returns_when_unwinder_lock_is_busy
FNDA:1,_RNvNtNtNtCsjz8kO90ZYg7_5pprof9backtrace17framehop_unwinder5testss_42read_stack_rejects_unreadable_null_address
FNDA:1,_RNvNtNtNtCsjz8kO90ZYg7_5pprof9backtrace17framehop_unwinder5testss_45iter_frames_returns_without_context_registers
FNF:14
FNH:12
DA:56,496
DA:57,496
DA:58,496
DA:59,2
DA:60,494
DA:61,494
DA:63,494
DA:64,494
DA:65,494
DA:66,494
DA:67,494
DA:68,494
DA:69,494
DA:70,494
DA:71,496
DA:79,3
DA:80,3
DA:81,12
DA:82,12
DA:83,12
DA:84,3
DA:85,3
DA:86,3
DA:87,3
DA:88,3
DA:89,3
DA:91,495
DA:92,495
DA:93,494
DA:94,1
DA:97,10468
DA:98,494
DA:99,7226
DA:100,6732
DA:101,6732
DA:102,6732
DA:103,0
DA:104,6732
DA:106,495
DA:109,10469
DA:110,10469
DA:111,10469
DA:112,10468
DA:114,1
DA:116,10469
DA:118,2
DA:126,20
DA:127,20
DA:128,20
DA:130,495
DA:131,495
DA:132,495
DA:137,495
DA:138,1
DA:141,494
DA:142,495
DA:159,1
DA:160,1
DA:161,1
DA:164,1
DA:167,1
DA:168,1
DA:169,1
DA:172,1
DA:173,1
DA:174,1
DA:176,1
DA:177,0
DA:178,0
DA:179,0
DA:181,1
DA:182,1
DA:185,1
DA:186,1
DA:187,1
DA:189,1
DA:190,0
DA:191,0
DA:192,0
DA:194,1
DA:195,1
BRDA:58,0,0,2
BRDA:58,0,1,494
BRDA:99,0,0,6732
BRDA:99,0,1,494
BRDA:100,0,0,0
BRDA:100,0,1,6732
BRDA:111,0,0,10468
BRDA:111,0,1,1
BRDA:137,0,0,494
BRDA:137,0,1,1
BRF:10
BRH:8
LF:84
LH:73
end_of_record
SF:/home/openai/strict-rs/strict-pprof-rs/src/backtrace/framehop_unwinder/shlib.rs
FN:15,_RNvNtNtNtCs7grcQlcYysN_5pprof9backtrace17framehop_unwinder5shlib11get_objects
FN:60,_RNvNtNtNtCs7grcQlcYysN_5pprof9backtrace17framehop_unwinder5shlib12find_objects
FN:54,_RNvNtNtNtCs7grcQlcYysN_5pprof9backtrace17framehop_unwinder5shlib9open_mmap
FN:63,_RNCNvNtNtNtCs7grcQlcYysN_5pprof9backtrace17framehop_unwinder5shlib12find_objects0B9_
FN:44,_RNvXNtNtNtCs7grcQlcYysN_5pprof9backtrace17framehop_unwinder5shlibNtB2_10ObjectInfoINtNtCs7qP27lOmQbE_8framehop8unwinder17ModuleSectionInfoINtNtCs3426yz8J6hl_5alloc3vec3VechEE12section_dataB8_
FN:34,_RNvXNtNtNtCs7grcQlcYysN_5pprof9backtrace17framehop_unwinder5shlibNtB2_10ObjectInfoINtNtCs7qP27lOmQbE_8framehop8unwinder17ModuleSectionInfoINtNtCs3426yz8J6hl_5alloc3vec3VechEE18section_svma_rangeB8_
FN:25,_RNvXNtNtNtCs7grcQlcYysN_5pprof9backtrace17framehop_unwinder5shlibNtB2_10ObjectInfoINtNtCs7qP27lOmQbE_8framehop8unwinder17ModuleSectionInfoINtNtCs3426yz8J6hl_5alloc3vec3VechEE9base_svmaB8_
FN:88,_RNvNtNtNtNtCsjz8kO90ZYg7_5pprof9backtrace17framehop_unwinder5shlib5testss_31open_mmap_ignores_missing_paths
FN:99,_RNvNtNtNtNtCsjz8kO90ZYg7_5pprof9backtrace17framehop_unwinder5shlib5testss_33open_mmap_ignores_directory_paths
FN:63,_RNCNvNtNtNtCsjz8kO90ZYg7_5pprof9backtrace17framehop_unwinder5shlib12find_objects0B9_
FN:44,_RNvXNtNtNtCsjz8kO90ZYg7_5pprof9backtrace17framehop_unwinder5shlibNtB2_10ObjectInfoINtNtCs7qP27lOmQbE_8framehop8unwinder17ModuleSectionInfoINtNtCs3426yz8J6hl_5alloc3vec3VechEE12section_dataB8_
FN:34,_RNvXNtNtNtCsjz8kO90ZYg7_5pprof9backtrace17framehop_unwinder5shlibNtB2_10ObjectInfoINtNtCs7qP27lOmQbE_8framehop8unwinder17ModuleSectionInfoINtNtCs3426yz8J6hl_5alloc3vec3VechEE18section_svma_rangeB8_
FN:25,_RNvXNtNtNtCsjz8kO90ZYg7_5pprof9backtrace17framehop_unwinder5shlibNtB2_10ObjectInfoINtNtCs7qP27lOmQbE_8framehop8unwinder17ModuleSectionInfoINtNtCs3426yz8J6hl_5alloc3vec3VechEE9base_svmaB8_
FN:15,_RNvNtNtNtCsjz8kO90ZYg7_5pprof9backtrace17framehop_unwinder5shlib11get_objects
FN:60,_RNvNtNtNtCsjz8kO90ZYg7_5pprof9backtrace17framehop_unwinder5shlib12find_objects
FN:54,_RNvNtNtNtCsjz8kO90ZYg7_5pprof9backtrace17framehop_unwinder5shlib9open_mmap
FNDA:0,_RNvNtNtNtCs7grcQlcYysN_5pprof9backtrace17framehop_unwinder5shlib11get_objects
FNDA:0,_RNvNtNtNtCs7grcQlcYysN_5pprof9backtrace17framehop_unwinder5shlib12find_objects
FNDA:0,_RNvNtNtNtCs7grcQlcYysN_5pprof9backtrace17framehop_unwinder5shlib9open_mmap
FNDA:0,_RNCNvNtNtNtCs7grcQlcYysN_5pprof9backtrace17framehop_unwinder5shlib12find_objects0B9_
FNDA:0,_RNvXNtNtNtCs7grcQlcYysN_5pprof9backtrace17framehop_unwinder5shlibNtB2_10ObjectInfoINtNtCs7qP27lOmQbE_8framehop8unwinder17ModuleSectionInfoINtNtCs3426yz8J6hl_5alloc3vec3VechEE12section_dataB8_
FNDA:0,_RNvXNtNtNtCs7grcQlcYysN_5pprof9backtrace17framehop_unwinder5shlibNtB2_10ObjectInfoINtNtCs7qP27lOmQbE_8framehop8unwinder17ModuleSectionInfoINtNtCs3426yz8J6hl_5alloc3vec3VechEE18section_svma_rangeB8_
FNDA:0,_RNvXNtNtNtCs7grcQlcYysN_5pprof9backtrace17framehop_unwinder5shlibNtB2_10ObjectInfoINtNtCs7qP27lOmQbE_8framehop8unwinder17ModuleSectionInfoINtNtCs3426yz8J6hl_5alloc3vec3VechEE9base_svmaB8_
FNDA:1,_RNvNtNtNtNtCsjz8kO90ZYg7_5pprof9backtrace17framehop_unwinder5shlib5testss_31open_mmap_ignores_missing_paths
FNDA:1,_RNvNtNtNtNtCsjz8kO90ZYg7_5pprof9backtrace17framehop_unwinder5shlib5testss_33open_mmap_ignores_directory_paths
FNDA:10,_RNCNvNtNtNtCsjz8kO90ZYg7_5pprof9backtrace17framehop_unwinder5shlib12find_objects0B9_
FNDA:32,_RNvXNtNtNtCsjz8kO90ZYg7_5pprof9backtrace17framehop_unwinder5shlibNtB2_10ObjectInfoINtNtCs7qP27lOmQbE_8framehop8unwinder17ModuleSectionInfoINtNtCs3426yz8J6hl_5alloc3vec3VechEE12section_dataB8_
FNDA:64,_RNvXNtNtNtCsjz8kO90ZYg7_5pprof9backtrace17framehop_unwinder5shlibNtB2_10ObjectInfoINtNtCs7qP27lOmQbE_8framehop8unwinder17ModuleSectionInfoINtNtCs3426yz8J6hl_5alloc3vec3VechEE18section_svma_rangeB8_
FNDA:8,_RNvXNtNtNtCsjz8kO90ZYg7_5pprof9backtrace17framehop_unwinder5shlibNtB2_10ObjectInfoINtNtCs7qP27lOmQbE_8framehop8unwinder17ModuleSectionInfoINtNtCs3426yz8J6hl_5alloc3vec3VechEE9base_svmaB8_
FNDA:3,_RNvNtNtNtCsjz8kO90ZYg7_5pprof9backtrace17framehop_unwinder5shlib11get_objects
FNDA:2,_RNvNtNtNtCsjz8kO90ZYg7_5pprof9backtrace17framehop_unwinder5shlib12find_objects
FNDA:12,_RNvNtNtNtCsjz8kO90ZYg7_5pprof9backtrace17framehop_unwinder5shlib9open_mmap
FNF:9
FNH:9
DA:15,3
DA:16,3
DA:17,3
DA:25,8
DA:26,8
DA:28,0
DA:30,8
DA:32,8
DA:34,64
DA:35,64
DA:36,32
DA:37,32
DA:38,32
DA:40,32
DA:42,64
DA:44,32
DA:45,32
DA:46,16
DA:47,16
DA:49,16
DA:51,32
DA:54,12
DA:55,12
DA:56,9
DA:57,8
DA:58,12
DA:60,2
DA:61,2
DA:63,10
DA:64,10
DA:65,10
DA:66,10
DA:67,10
DA:68,8
DA:69,8
DA:70,8
DA:71,8
DA:72,8
DA:73,8
DA:74,10
DA:76,2
DA:77,2
DA:88,1
DA:89,1
DA:90,1
DA:92,1
DA:93,1
DA:96,1
DA:99,1
DA:100,1
DA:102,1
DA:103,1
DA:106,1
BRDA:26,0,0,0
BRDA:26,0,1,8
BRDA:35,0,0,32
BRDA:35,0,1,32
BRDA:45,0,0,16
BRDA:45,0,1,16
BRDA:67,0,0,8
BRDA:67,0,1,2
BRDA:68,0,0,8
BRDA:68,0,1,0
BRF:10
BRH:8
LF:54
LH:53
end_of_record
SF:/home/openai/strict-rs/strict-pprof-rs/src/backtrace/mod.rs
FN:31,_RINvNtCs7grcQlcYysN_5pprof9backtrace20frame_symbol_addressNtB2_14BacktraceFrameEB4_
FN:51,_RINvNtCs7grcQlcYysN_5pprof9backtrace44symbol_metadata_from_backtrace_symbol_accessNtNtCs64TpiuK40vB_9backtrace9symbolize6SymbolEB4_
FN:35,_RINvNtCs7grcQlcYysN_5pprof9backtrace8frame_ipNtB2_14BacktraceFrameEB4_
FN:121,_RINvXs0_NtCs7grcQlcYysN_5pprof9backtraceNtB6_14BacktraceFrameNtB6_5Frame14resolve_symbolNCINvNtB8_6frames39collect_symbols_for_frame_with_resolverBC_NvB1t_18resolve_in_perfmapE0EB8_
FN:68,_RNCNvXNtCs7grcQlcYysN_5pprof9backtraceNtNtCs64TpiuK40vB_9backtrace9symbolize6SymbolNtB4_21BacktraceSymbolAccess8metadata0B6_
FN:71,_RNCNvXNtCs7grcQlcYysN_5pprof9backtraceNtNtCs64TpiuK40vB_9backtrace9symbolize6SymbolNtB4_21BacktraceSymbolAccess8metadatas_0B6_
FN:16,_RNvNtCs7grcQlcYysN_5pprof9backtrace22symbol_address_from_ip
FN:125,_RNvXs0_NtCs7grcQlcYysN_5pprof9backtraceNtB5_14BacktraceFrameNtB5_5Frame14symbol_address
FN:117,_RNvXs0_NtCs7grcQlcYysN_5pprof9backtraceNtB5_14BacktraceFrameNtB5_5Frame2ip
FN:66,_RNvXNtCs7grcQlcYysN_5pprof9backtraceNtNtCs64TpiuK40vB_9backtrace9symbolize6SymbolNtB2_21BacktraceSymbolAccess8metadata
FN:84,_RNvXs_NtCs7grcQlcYysN_5pprof9backtraceNtNtCs64TpiuK40vB_9backtrace9symbolize6SymbolNtB4_6Symbol4addrB6_
FN:80,_RNvXs_NtCs7grcQlcYysN_5pprof9backtraceNtNtCs64TpiuK40vB_9backtrace9symbolize6SymbolNtB4_6Symbol4nameB6_
FN:88,_RNvXs_NtCs7grcQlcYysN_5pprof9backtraceNtNtCs64TpiuK40vB_9backtrace9symbolize6SymbolNtB4_6Symbol6linenoB6_
FN:92,_RNvXs_NtCs7grcQlcYysN_5pprof9backtraceNtNtCs64TpiuK40vB_9backtrace9symbolize6SymbolNtB4_6Symbol8filenameB6_
FN:134,_RNvYpNtNtCs7grcQlcYysN_5pprof9backtrace5Trace4initB7_
FN:16,_RNvNtCsjz8kO90ZYg7_5pprof9backtrace22symbol_address_from_ip
FN:125,_RNvXs0_NtCsjz8kO90ZYg7_5pprof9backtraceNtB5_14BacktraceFrameNtB5_5Frame14symbol_address
FN:117,_RNvXs0_NtCsjz8kO90ZYg7_5pprof9backtraceNtB5_14BacktraceFrameNtB5_5Frame2ip
FN:31,_RINvNtCsjz8kO90ZYg7_5pprof9backtrace20frame_symbol_addressNtB2_14BacktraceFrameEB4_
FN:31,_RINvNtCsjz8kO90ZYg7_5pprof9backtrace20frame_symbol_addressNtNtB2_5tests9TestFrameEB4_
FN:31,_RINvNtCsjz8kO90ZYg7_5pprof9backtrace20frame_symbol_addressNtNtNtB4_6frames5tests22NullSymbolAddressFrameEB4_
FN:31,_RINvNtCsjz8kO90ZYg7_5pprof9backtrace20frame_symbol_addressNtNtNtB4_6frames5tests9TestFrameEB4_
FN:51,_RINvNtCsjz8kO90ZYg7_5pprof9backtrace44symbol_metadata_from_backtrace_symbol_accessNtNtB2_5tests25TestBacktraceSymbolAccessEB4_
FN:51,_RINvNtCsjz8kO90ZYg7_5pprof9backtrace44symbol_metadata_from_backtrace_symbol_accessNtNtCs64TpiuK40vB_9backtrace9symbolize6SymbolEB4_
FN:35,_RINvNtCsjz8kO90ZYg7_5pprof9backtrace8frame_ipNtB2_14BacktraceFrameEB4_
FN:35,_RINvNtCsjz8kO90ZYg7_5pprof9backtrace8frame_ipNtNtB2_5tests9TestFrameEB4_
FN:35,_RINvNtCsjz8kO90ZYg7_5pprof9backtrace8frame_ipNtNtNtB4_6frames5tests22NullSymbolAddressFrameEB4_
FN:35,_RINvNtCsjz8kO90ZYg7_5pprof9backtrace8frame_ipNtNtNtB4_6frames5tests9TestFrameEB4_
FN:121,_RINvXs0_NtCsjz8kO90ZYg7_5pprof9backtraceNtB6_14BacktraceFrameNtB6_5Frame14resolve_symbolNCINvNtB8_6frames39collect_symbols_for_frame_with_resolverBC_NvB1t_18resolve_in_perfmapE0EB8_
FN:68,_RNCNvXNtCsjz8kO90ZYg7_5pprof9backtraceNtNtCs64TpiuK40vB_9backtrace9symbolize6SymbolNtB4_21BacktraceSymbolAccess8metadata0B6_
FN:71,_RNCNvXNtCsjz8kO90ZYg7_5pprof9backtraceNtNtCs64TpiuK40vB_9backtrace9symbolize6SymbolNtB4_21BacktraceSymbolAccess8metadatas_0B6_
FN:84,_RNvXs_NtCsjz8kO90ZYg7_5pprof9backtraceNtNtCs64TpiuK40vB_9backtrace9symbolize6SymbolNtB4_6Symbol4addrB6_
FN:80,_RNvXs_NtCsjz8kO90ZYg7_5pprof9backtraceNtNtCs64TpiuK40vB_9backtrace9symbolize6SymbolNtB4_6Symbol4nameB6_
FN:88,_RNvXs_NtCsjz8kO90ZYg7_5pprof9backtraceNtNtCs64TpiuK40vB_9backtrace9symbolize6SymbolNtB4_6Symbol6linenoB6_
FN:92,_RNvXs_NtCsjz8kO90ZYg7_5pprof9backtraceNtNtCs64TpiuK40vB_9backtrace9symbolize6SymbolNtB4_6Symbol8filenameB6_
FN:171,_RNvNtNtCsjz8kO90ZYg7_5pprof9backtrace5tests10test_frame
FN:167,_RNvNtNtCsjz8kO90ZYg7_5pprof9backtrace5tests19test_symbol_address
FN:327,_RNvNtNtCsjz8kO90ZYg7_5pprof9backtrace5testss_33trace_callback_controls_iteration
FN:431,_RNvNtNtCsjz8kO90ZYg7_5pprof9backtrace5testss_35symbol_trait_allows_absent_metadata
FN:407,_RNvNtNtCsjz8kO90ZYg7_5pprof9backtrace5testss_37symbol_trait_exposes_present_metadata
FN:465,_RNvNtNtCsjz8kO90ZYg7_5pprof9backtrace5testss_43backtrace_frame_exposes_instruction_pointer
FN:304,_RNvNtNtCsjz8kO90ZYg7_5pprof9backtrace5testss_44frame_helpers_preserve_null_symbol_addresses
FN:293,_RNvNtNtCsjz8kO90ZYg7_5pprof9backtrace5testss_45frame_helpers_delegate_to_frame_trait_methods
FN:441,_RNvNtNtCsjz8kO90ZYg7_5pprof9backtrace5testss_46test_frame_resolves_configured_symbol_metadata
FN:380,_RNvNtNtCsjz8kO90ZYg7_5pprof9backtrace5testss_57backtrace_symbol_access_adapter_preserves_absent_metadata
FN:353,_RNvNtNtCsjz8kO90ZYg7_5pprof9backtrace5testss_58backtrace_symbol_access_adapter_preserves_present_metadata
FN:314,_RNvNtNtCsjz8kO90ZYg7_5pprof9backtrace5testss_64trace_default_init_is_a_noop_for_backends_without_initialization
FN:478,_RNvNtNtCsjz8kO90ZYg7_5pprof9backtrace5testss_66non_apple_symbol_address_resolves_null_instruction_pointer_to_null
FN:181,_RNvXNtNtCsjz8kO90ZYg7_5pprof9backtrace5testsNtB2_25TestBacktraceSymbolAccessNtB4_21BacktraceSymbolAccess8metadata
FN:219,_RNvXs0_NtNtCsjz8kO90ZYg7_5pprof9backtrace5testsNtB5_11EmptySymbolNtB7_6Symbol4addr
FN:215,_RNvXs0_NtNtCsjz8kO90ZYg7_5pprof9backtrace5testsNtB5_11EmptySymbolNtB7_6Symbol4name
FN:223,_RNvXs0_NtNtCsjz8kO90ZYg7_5pprof9backtrace5testsNtB5_11EmptySymbolNtB7_6Symbol6lineno
FN:227,_RNvXs0_NtNtCsjz8kO90ZYg7_5pprof9backtrace5testsNtB5_11EmptySymbolNtB7_6Symbol8filename
FN:250,_RNvXs1_NtNtCsjz8kO90ZYg7_5pprof9backtrace5testsNtB5_9TestFrameNtB7_5Frame14symbol_address
FN:254,_RNvXs1_NtNtCsjz8kO90ZYg7_5pprof9backtrace5testsNtB5_9TestFrameNtB7_5Frame2ip
FN:199,_RNvXs_NtNtCsjz8kO90ZYg7_5pprof9backtrace5testsNtB4_10TestSymbolNtB6_6Symbol4addr
FN:195,_RNvXs_NtNtCsjz8kO90ZYg7_5pprof9backtrace5testsNtB4_10TestSymbolNtB6_6Symbol4name
FN:203,_RNvXs_NtNtCsjz8kO90ZYg7_5pprof9backtrace5testsNtB4_10TestSymbolNtB6_6Symbol6lineno
FN:207,_RNvXs_NtNtCsjz8kO90ZYg7_5pprof9backtrace5testsNtB4_10TestSymbolNtB6_6Symbol8filename
FN:66,_RNvXNtCsjz8kO90ZYg7_5pprof9backtraceNtNtCs64TpiuK40vB_9backtrace9symbolize6SymbolNtB2_21BacktraceSymbolAccess8metadata
FN:241,_RINvXs1_NtNtCsjz8kO90ZYg7_5pprof9backtrace5testsNtB6_9TestFrameNtB8_5Frame14resolve_symbolNCNvB6_s_46test_frame_resolves_configured_symbol_metadata0EBa_
FN:264,_RINvXs2_NtNtCsjz8kO90ZYg7_5pprof9backtrace5testsNtB6_16DefaultInitTraceNtB8_5Trace5traceNCNvB6_s_64trace_default_init_is_a_noop_for_backends_without_initialization0EBa_
FN:281,_RINvXs3_NtNtCsjz8kO90ZYg7_5pprof9backtrace5testsNtB6_13TwoFrameTraceNtB8_5Trace5traceNCNvB6_s_33trace_callback_controls_iteration0EBa_
FN:281,_RINvXs3_NtNtCsjz8kO90ZYg7_5pprof9backtrace5testsNtB6_13TwoFrameTraceNtB8_5Trace5traceNCNvB6_s_33trace_callback_controls_iterations_0EBa_
FN:288,_RNCINvXs3_NtNtCsjz8kO90ZYg7_5pprof9backtrace5testsNtB8_13TwoFrameTraceNtBa_5Trace5traceNCNvB8_s_33trace_callback_controls_iteration0E0Bc_
FN:288,_RNCINvXs3_NtNtCsjz8kO90ZYg7_5pprof9backtrace5testsNtB8_13TwoFrameTraceNtBa_5Trace5traceNCNvB8_s_33trace_callback_controls_iterations_0E0Bc_
FN:329,_RNCNvNtNtCsjz8kO90ZYg7_5pprof9backtrace5testss_33trace_callback_controls_iteration0B7_
FN:335,_RNCNvNtNtCsjz8kO90ZYg7_5pprof9backtrace5testss_33trace_callback_controls_iterations_0B7_
FN:445,_RNCNvNtNtCsjz8kO90ZYg7_5pprof9backtrace5testss_46test_frame_resolves_configured_symbol_metadata0B7_
FN:318,_RNCNvNtNtCsjz8kO90ZYg7_5pprof9backtrace5testss_64trace_default_init_is_a_noop_for_backends_without_initialization0B7_
FN:84,_RNvXs_NtCsjz8kO90ZYg7_5pprof9backtraceNtNtB4_5tests25TestBacktraceSymbolAccessNtB4_6Symbol4addrB6_
FN:80,_RNvXs_NtCsjz8kO90ZYg7_5pprof9backtraceNtNtB4_5tests25TestBacktraceSymbolAccessNtB4_6Symbol4nameB6_
FN:88,_RNvXs_NtCsjz8kO90ZYg7_5pprof9backtraceNtNtB4_5tests25TestBacktraceSymbolAccessNtB4_6Symbol6linenoB6_
FN:92,_RNvXs_NtCsjz8kO90ZYg7_5pprof9backtraceNtNtB4_5tests25TestBacktraceSymbolAccessNtB4_6Symbol8filenameB6_
FN:134,_RNvYNtNtNtCsjz8kO90ZYg7_5pprof9backtrace5tests16DefaultInitTraceNtB6_5Trace4initB8_
FNDA:0,_RINvNtCs7grcQlcYysN_5pprof9backtrace20frame_symbol_addressNtB2_14BacktraceFrameEB4_
FNDA:0,_RINvNtCs7grcQlcYysN_5pprof9backtrace44symbol_metadata_from_backtrace_symbol_accessNtNtCs64TpiuK40vB_9backtrace9symbolize6SymbolEB4_
FNDA:0,_RINvNtCs7grcQlcYysN_5pprof9backtrace8frame_ipNtB2_14BacktraceFrameEB4_
FNDA:0,_RINvXs0_NtCs7grcQlcYysN_5pprof9backtraceNtB6_14BacktraceFrameNtB6_5Frame14resolve_symbolNCINvNtB8_6frames39collect_symbols_for_frame_with_resolverBC_NvB1t_18resolve_in_perfmapE0EB8_
FNDA:0,_RNCNvXNtCs7grcQlcYysN_5pprof9backtraceNtNtCs64TpiuK40vB_9backtrace9symbolize6SymbolNtB4_21BacktraceSymbolAccess8metadata0B6_
FNDA:0,_RNCNvXNtCs7grcQlcYysN_5pprof9backtraceNtNtCs64TpiuK40vB_9backtrace9symbolize6SymbolNtB4_21BacktraceSymbolAccess8metadatas_0B6_
FNDA:0,_RNvNtCs7grcQlcYysN_5pprof9backtrace22symbol_address_from_ip
FNDA:0,_RNvXs0_NtCs7grcQlcYysN_5pprof9backtraceNtB5_14BacktraceFrameNtB5_5Frame14symbol_address
FNDA:0,_RNvXs0_NtCs7grcQlcYysN_5pprof9backtraceNtB5_14BacktraceFrameNtB5_5Frame2ip
FNDA:0,_RNvXNtCs7grcQlcYysN_5pprof9backtraceNtNtCs64TpiuK40vB_9backtrace9symbolize6SymbolNtB2_21BacktraceSymbolAccess8metadata
FNDA:0,_RNvXs_NtCs7grcQlcYysN_5pprof9backtraceNtNtCs64TpiuK40vB_9backtrace9symbolize6SymbolNtB4_6Symbol4addrB6_
FNDA:0,_RNvXs_NtCs7grcQlcYysN_5pprof9backtraceNtNtCs64TpiuK40vB_9backtrace9symbolize6SymbolNtB4_6Symbol4nameB6_
FNDA:0,_RNvXs_NtCs7grcQlcYysN_5pprof9backtraceNtNtCs64TpiuK40vB_9backtrace9symbolize6SymbolNtB4_6Symbol6linenoB6_
FNDA:0,_RNvXs_NtCs7grcQlcYysN_5pprof9backtraceNtNtCs64TpiuK40vB_9backtrace9symbolize6SymbolNtB4_6Symbol8filenameB6_
FNDA:0,_RNvYpNtNtCs7grcQlcYysN_5pprof9backtrace5Trace4initB7_
FNDA:19779,_RNvNtCsjz8kO90ZYg7_5pprof9backtrace22symbol_address_from_ip
FNDA:19778,_RNvXs0_NtCsjz8kO90ZYg7_5pprof9backtraceNtB5_14BacktraceFrameNtB5_5Frame14symbol_address
FNDA:34,_RNvXs0_NtCsjz8kO90ZYg7_5pprof9backtraceNtB5_14BacktraceFrameNtB5_5Frame2ip
FNDA:19778,_RINvNtCsjz8kO90ZYg7_5pprof9backtrace20frame_symbol_addressNtB2_14BacktraceFrameEB4_
FNDA:2,_RINvNtCsjz8kO90ZYg7_5pprof9backtrace20frame_symbol_addressNtNtB2_5tests9TestFrameEB4_
FNDA:4,_RINvNtCsjz8kO90ZYg7_5pprof9backtrace20frame_symbol_addressNtNtNtB4_6frames5tests22NullSymbolAddressFrameEB4_
FNDA:8,_RINvNtCsjz8kO90ZYg7_5pprof9backtrace20frame_symbol_addressNtNtNtB4_6frames5tests9TestFrameEB4_
FNDA:8,_RINvNtCsjz8kO90ZYg7_5pprof9backtrace44symbol_metadata_from_backtrace_symbol_accessNtNtB2_5tests25TestBacktraceSymbolAccessEB4_
FNDA:0,_RINvNtCsjz8kO90ZYg7_5pprof9backtrace44symbol_metadata_from_backtrace_symbol_accessNtNtCs64TpiuK40vB_9backtrace9symbolize6SymbolEB4_
FNDA:34,_RINvNtCsjz8kO90ZYg7_5pprof9backtrace8frame_ipNtB2_14BacktraceFrameEB4_
FNDA:1,_RINvNtCsjz8kO90ZYg7_5pprof9backtrace8frame_ipNtNtB2_5tests9TestFrameEB4_
FNDA:4,_RINvNtCsjz8kO90ZYg7_5pprof9backtrace8frame_ipNtNtNtB4_6frames5tests22NullSymbolAddressFrameEB4_
FNDA:7,_RINvNtCsjz8kO90ZYg7_5pprof9backtrace8frame_ipNtNtNtB4_6frames5tests9TestFrameEB4_
FNDA:0,_RINvXs0_NtCsjz8kO90ZYg7_5pprof9backtraceNtB6_14BacktraceFrameNtB6_5Frame14resolve_symbolNCINvNtB8_6frames39collect_symbols_for_frame_with_resolverBC_NvB1t_18resolve_in_perfmapE0EB8_
FNDA:0,_RNCNvXNtCsjz8kO90ZYg7_5pprof9backtraceNtNtCs64TpiuK40vB_9backtrace9symbolize6SymbolNtB4_21BacktraceSymbolAccess8metadata0B6_
FNDA:0,_RNCNvXNtCsjz8kO90ZYg7_5pprof9backtraceNtNtCs64TpiuK40vB_9backtrace9symbolize6SymbolNtB4_21BacktraceSymbolAccess8metadatas_0B6_
FNDA:0,_RNvXs_NtCsjz8kO90ZYg7_5pprof9backtraceNtNtCs64TpiuK40vB_9backtrace9symbolize6SymbolNtB4_6Symbol4addrB6_
FNDA:0,_RNvXs_NtCsjz8kO90ZYg7_5pprof9backtraceNtNtCs64TpiuK40vB_9backtrace9symbolize6SymbolNtB4_6Symbol4nameB6_
FNDA:0,_RNvXs_NtCsjz8kO90ZYg7_5pprof9backtraceNtNtCs64TpiuK40vB_9backtrace9symbolize6SymbolNtB4_6Symbol6linenoB6_
FNDA:0,_RNvXs_NtCsjz8kO90ZYg7_5pprof9backtraceNtNtCs64TpiuK40vB_9backtrace9symbolize6SymbolNtB4_6Symbol8filenameB6_
FNDA:7,_RNvNtNtCsjz8kO90ZYg7_5pprof9backtrace5tests10test_frame
FNDA:13,_RNvNtNtCsjz8kO90ZYg7_5pprof9backtrace5tests19test_symbol_address
FNDA:1,_RNvNtNtCsjz8kO90ZYg7_5pprof9backtrace5testss_33trace_callback_controls_iteration
FNDA:1,_RNvNtNtCsjz8kO90ZYg7_5pprof9backtrace5testss_35symbol_trait_allows_absent_metadata
FNDA:1,_RNvNtNtCsjz8kO90ZYg7_5pprof9backtrace5testss_37symbol_trait_exposes_present_metadata
FNDA:1,_RNvNtNtCsjz8kO90ZYg7_5pprof9backtrace5testss_43backtrace_frame_exposes_instruction_pointer
FNDA:1,_RNvNtNtCsjz8kO90ZYg7_5pprof9backtrace5testss_44frame_helpers_preserve_null_symbol_addresses
FNDA:1,_RNvNtNtCsjz8kO90ZYg7_5pprof9backtrace5testss_45frame_helpers_delegate_to_frame_trait_methods
FNDA:1,_RNvNtNtCsjz8kO90ZYg7_5pprof9backtrace5testss_46test_frame_resolves_configured_symbol_metadata
FNDA:1,_RNvNtNtCsjz8kO90ZYg7_5pprof9backtrace5testss_57backtrace_symbol_access_adapter_preserves_absent_metadata
FNDA:1,_RNvNtNtCsjz8kO90ZYg7_5pprof9backtrace5testss_58backtrace_symbol_access_adapter_preserves_present_metadata
FNDA:1,_RNvNtNtCsjz8kO90ZYg7_5pprof9backtrace5testss_64trace_default_init_is_a_noop_for_backends_without_initialization
FNDA:1,_RNvNtNtCsjz8kO90ZYg7_5pprof9backtrace5testss_66non_apple_symbol_address_resolves_null_instruction_pointer_to_null
FNDA:8,_RNvXNtNtCsjz8kO90ZYg7_5pprof9backtrace5testsNtB2_25TestBacktraceSymbolAccessNtB4_21BacktraceSymbolAccess8metadata
FNDA:1,_RNvXs0_NtNtCsjz8kO90ZYg7_5pprof9backtrace5testsNtB5_11EmptySymbolNtB7_6Symbol4addr
FNDA:1,_RNvXs0_NtNtCsjz8kO90ZYg7_5pprof9backtrace5testsNtB5_11EmptySymbolNtB7_6Symbol4name
FNDA:1,_RNvXs0_NtNtCsjz8kO90ZYg7_5pprof9backtrace5testsNtB5_11EmptySymbolNtB7_6Symbol6lineno
FNDA:1,_RNvXs0_NtNtCsjz8kO90ZYg7_5pprof9backtrace5testsNtB5_11EmptySymbolNtB7_6Symbol8filename
FNDA:2,_RNvXs1_NtNtCsjz8kO90ZYg7_5pprof9backtrace5testsNtB5_9TestFrameNtB7_5Frame14symbol_address
FNDA:1,_RNvXs1_NtNtCsjz8kO90ZYg7_5pprof9backtrace5testsNtB5_9TestFrameNtB7_5Frame2ip
FNDA:2,_RNvXs_NtNtCsjz8kO90ZYg7_5pprof9backtrace5testsNtB4_10TestSymbolNtB6_6Symbol4addr
FNDA:2,_RNvXs_NtNtCsjz8kO90ZYg7_5pprof9backtrace5testsNtB4_10TestSymbolNtB6_6Symbol4name
FNDA:2,_RNvXs_NtNtCsjz8kO90ZYg7_5pprof9backtrace5testsNtB4_10TestSymbolNtB6_6Symbol6lineno
FNDA:2,_RNvXs_NtNtCsjz8kO90ZYg7_5pprof9backtrace5testsNtB4_10TestSymbolNtB6_6Symbol8filename
FNDA:0,_RNvXNtCsjz8kO90ZYg7_5pprof9backtraceNtNtCs64TpiuK40vB_9backtrace9symbolize6SymbolNtB2_21BacktraceSymbolAccess8metadata
FNDA:1,_RINvXs1_NtNtCsjz8kO90ZYg7_5pprof9backtrace5testsNtB6_9TestFrameNtB8_5Frame14resolve_symbolNCNvB6_s_46test_frame_resolves_configured_symbol_metadata0EBa_
FNDA:1,_RINvXs2_NtNtCsjz8kO90ZYg7_5pprof9backtrace5testsNtB6_16DefaultInitTraceNtB8_5Trace5traceNCNvB6_s_64trace_default_init_is_a_noop_for_backends_without_initialization0EBa_
FNDA:1,_RINvXs3_NtNtCsjz8kO90ZYg7_5pprof9backtrace5testsNtB6_13TwoFrameTraceNtB8_5Trace5traceNCNvB6_s_33trace_callback_controls_iteration0EBa_
FNDA:1,_RINvXs3_NtNtCsjz8kO90ZYg7_5pprof9backtrace5testsNtB6_13TwoFrameTraceNtB8_5Trace5traceNCNvB6_s_33trace_callback_controls_iterations_0EBa_
FNDA:1,_RNCINvXs3_NtNtCsjz8kO90ZYg7_5pprof9backtrace5testsNtB8_13TwoFrameTraceNtBa_5Trace5traceNCNvB8_s_33trace_callback_controls_iteration0E0Bc_
FNDA:2,_RNCINvXs3_NtNtCsjz8kO90ZYg7_5pprof9backtrace5testsNtB8_13TwoFrameTraceNtBa_5Trace5traceNCNvB8_s_33trace_callback_controls_iterations_0E0Bc_
FNDA:1,_RNCNvNtNtCsjz8kO90ZYg7_5pprof9backtrace5testss_33trace_callback_controls_iteration0B7_
FNDA:2,_RNCNvNtNtCsjz8kO90ZYg7_5pprof9backtrace5testss_33trace_callback_controls_iterations_0B7_
FNDA:1,_RNCNvNtNtCsjz8kO90ZYg7_5pprof9backtrace5testss_46test_frame_resolves_configured_symbol_metadata0B7_
FNDA:1,_RNCNvNtNtCsjz8kO90ZYg7_5pprof9backtrace5testss_64trace_default_init_is_a_noop_for_backends_without_initialization0B7_
FNDA:2,_RNvXs_NtCsjz8kO90ZYg7_5pprof9backtraceNtNtB4_5tests25TestBacktraceSymbolAccessNtB4_6Symbol4addrB6_
FNDA:2,_RNvXs_NtCsjz8kO90ZYg7_5pprof9backtraceNtNtB4_5tests25TestBacktraceSymbolAccessNtB4_6Symbol4nameB6_
FNDA:2,_RNvXs_NtCsjz8kO90ZYg7_5pprof9backtraceNtNtB4_5tests25TestBacktraceSymbolAccessNtB4_6Symbol6linenoB6_
FNDA:2,_RNvXs_NtCsjz8kO90ZYg7_5pprof9backtraceNtNtB4_5tests25TestBacktraceSymbolAccessNtB4_6Symbol8filenameB6_
FNDA:1,_RNvYNtNtNtCsjz8kO90ZYg7_5pprof9backtrace5tests16DefaultInitTraceNtB6_5Trace4initB8_
FNF:47
FNH:43
DA:16,19779
DA:17,19779
DA:18,0
DA:22,19779
DA:29,19779
DA:31,19792
DA:32,19792
DA:33,19792
DA:35,46
DA:36,46
DA:37,46
DA:51,8
DA:52,8
DA:53,8
DA:55,8
DA:56,8
DA:66,0
DA:68,0
DA:69,0
DA:70,0
DA:71,0
DA:73,0
DA:80,2
DA:81,2
DA:82,2
DA:84,2
DA:85,2
DA:86,2
DA:88,2
DA:89,2
DA:90,2
DA:92,2
DA:93,2
DA:94,2
DA:117,34
DA:118,34
DA:119,34
DA:121,0
DA:122,0
DA:123,0
DA:125,19778
DA:126,19778
DA:127,19778
DA:134,1
DA:167,13
DA:168,13
DA:169,13
DA:171,7
DA:172,7
DA:173,7
DA:174,7
DA:175,7
DA:176,7
DA:181,8
DA:182,8
DA:183,8
DA:195,2
DA:196,2
DA:197,2
DA:199,2
DA:200,2
DA:201,2
DA:203,2
DA:204,2
DA:205,2
DA:207,2
DA:208,2
DA:209,2
DA:215,1
DA:216,1
DA:217,1
DA:219,1
DA:220,1
DA:221,1
DA:223,1
DA:224,1
DA:225,1
DA:227,1
DA:228,1
DA:229,1
DA:241,1
DA:242,1
DA:243,1
DA:244,1
DA:245,1
DA:246,1
DA:247,1
DA:248,1
DA:250,2
DA:251,2
DA:252,2
DA:254,1
DA:255,1
DA:256,1
DA:264,1
DA:265,1
DA:266,1
DA:268,1
DA:269,1
DA:270,1
DA:271,1
DA:272,1
DA:273,1
DA:281,2
DA:282,2
DA:283,2
DA:285,2
DA:286,2
DA:287,2
DA:288,3
DA:289,2
DA:293,1
DA:294,1
DA:296,1
DA:297,1
DA:298,1
DA:301,1
DA:304,1
DA:305,1
DA:307,1
DA:308,1
DA:311,1
DA:314,1
DA:315,1
DA:316,1
DA:318,1
DA:319,1
DA:320,1
DA:321,1
DA:323,1
DA:324,1
DA:327,1
DA:328,1
DA:329,1
DA:330,1
DA:331,1
DA:332,1
DA:334,1
DA:335,2
DA:336,2
DA:337,2
DA:338,2
DA:340,1
DA:341,1
DA:342,1
DA:344,0
DA:345,1
DA:346,1
DA:347,1
DA:350,1
DA:353,1
DA:354,1
DA:355,1
DA:356,1
DA:357,1
DA:358,1
DA:359,1
DA:361,1
DA:362,1
DA:364,0
DA:365,1
DA:366,1
DA:368,0
DA:369,1
DA:370,1
DA:372,0
DA:373,1
DA:374,1
DA:377,1
DA:380,1
DA:381,1
DA:382,1
DA:383,1
DA:384,1
DA:385,1
DA:386,1
DA:388,1
DA:389,1
DA:391,0
DA:392,1
DA:393,1
DA:395,0
DA:396,1
DA:397,1
DA:399,0
DA:400,1
DA:401,1
DA:404,1
DA:407,1
DA:408,1
DA:409,1
DA:410,1
DA:411,1
DA:412,1
DA:413,1
DA:415,1
DA:416,1
DA:418,0
DA:419,1
DA:420,1
DA:422,0
DA:423,1
DA:424,1
DA:425,1
DA:428,1
DA:431,1
DA:432,1
DA:434,1
DA:435,1
DA:436,1
DA:437,1
DA:438,1
DA:441,1
DA:442,1
DA:443,1
DA:445,1
DA:447,1
DA:448,1
DA:449,1
DA:451,0
DA:452,1
DA:453,1
DA:455,0
DA:456,1
DA:457,1
DA:458,1
DA:461,1
DA:465,1
DA:466,1
DA:467,1
DA:468,1
DA:470,1
DA:471,1
DA:478,1
DA:479,1
DA:480,1
DA:483,1
BRF:0
BRH:0
LF:244
LH:221
end_of_record
SF:/home/openai/strict-rs/strict-pprof-rs/src/collector.rs
FN:57,_RNCNvMs0_NtCs7grcQlcYysN_5pprof9collectorINtB7_6BucketNtNtB9_6frames16UnresolvedFramesE3add0B9_
FN:84,_RNvMs0_NtCs7grcQlcYysN_5pprof9collectorINtB5_6BucketNtNtB7_6frames16UnresolvedFramesE21min_count_entry_indexB7_
FN:55,_RNvMs0_NtCs7grcQlcYysN_5pprof9collectorINtB5_6BucketNtNtB7_6frames16UnresolvedFramesE3addB7_
FN:98,_RNvMs0_NtCs7grcQlcYysN_5pprof9collectorINtB5_6BucketNtNtB7_6frames16UnresolvedFramesE4iterB7_
FN:147,_RNvMs3_NtCs7grcQlcYysN_5pprof9collectorINtB5_11HashCounterNtNtB7_6frames16UnresolvedFramesE3addB7_
FN:141,_RNvMs3_NtCs7grcQlcYysN_5pprof9collectorINtB5_11HashCounterNtNtB7_6frames16UnresolvedFramesE4hashB7_
FN:154,_RNvMs3_NtCs7grcQlcYysN_5pprof9collectorINtB5_11HashCounterNtNtB7_6frames16UnresolvedFramesE4iterB7_
FN:172,_RNvMs4_NtCs7grcQlcYysN_5pprof9collectorINtB5_11TempFdArrayINtB5_5EntryNtNtB7_6frames16UnresolvedFramesEE3newB7_
FN:189,_RNvMs5_NtCs7grcQlcYysN_5pprof9collectorINtB5_11TempFdArrayINtB5_5EntryNtNtB7_6frames16UnresolvedFramesEE12flush_bufferB7_
FN:198,_RNvMs5_NtCs7grcQlcYysN_5pprof9collectorINtB5_11TempFdArrayINtB5_5EntryNtNtB7_6frames16UnresolvedFramesEE4pushB7_
FN:209,_RNvMs5_NtCs7grcQlcYysN_5pprof9collectorINtB5_11TempFdArrayINtB5_5EntryNtNtB7_6frames16UnresolvedFramesEE8try_iterB7_
FN:262,_RNvMs7_NtCs7grcQlcYysN_5pprof9collectorINtB5_9CollectorNtNtB7_6frames16UnresolvedFramesE3newB7_
FN:271,_RNvMs8_NtCs7grcQlcYysN_5pprof9collectorINtB5_9CollectorNtNtB7_6frames16UnresolvedFramesE3addB7_
FN:279,_RNvMs8_NtCs7grcQlcYysN_5pprof9collectorINtB5_9CollectorNtNtB7_6frames16UnresolvedFramesE8try_iterB7_
FN:29,_RNvXNtCs7grcQlcYysN_5pprof9collectorINtB2_5EntryNtNtB4_6frames16UnresolvedFramesENtNtCs8r2hDutfFpp_4core7default7Default7defaultB4_
FN:114,_RNvXs1_NtCs7grcQlcYysN_5pprof9collectorINtB5_14BucketIteratorNtNtB7_6frames16UnresolvedFramesENtNtNtNtCs8r2hDutfFpp_4core4iter6traits8iterator8Iterator4nextB7_
FN:129,_RNvXs2_NtCs7grcQlcYysN_5pprof9collectorINtB5_11HashCounterNtNtB7_6frames16UnresolvedFramesENtNtCs8r2hDutfFpp_4core7default7Default7defaultB7_
FN:239,_RNvXs6_NtCs7grcQlcYysN_5pprof9collectorINtB5_19TempFdArrayIteratorINtB5_5EntryNtNtB7_6frames16UnresolvedFramesEENtNtNtNtCs8r2hDutfFpp_4core4iter6traits8iterator8Iterator4nextB7_
FN:44,_RNvXs_NtCs7grcQlcYysN_5pprof9collectorINtB4_6BucketNtNtB6_6frames16UnresolvedFramesENtNtCs8r2hDutfFpp_4core7default7Default7defaultB6_
FN:57,_RNCNvMs0_NtCs7grcQlcYysN_5pprof9collectorINtB7_6BucketyE3add0CslnmgxnFQWBk_9collector
FN:84,_RNvMs0_NtCs7grcQlcYysN_5pprof9collectorINtB5_6BucketyE21min_count_entry_indexCslnmgxnFQWBk_9collector
FN:55,_RNvMs0_NtCs7grcQlcYysN_5pprof9collectorINtB5_6BucketyE3addCslnmgxnFQWBk_9collector
FN:147,_RNvMs3_NtCs7grcQlcYysN_5pprof9collectorINtB5_11HashCounteryE3addCslnmgxnFQWBk_9collector
FN:141,_RNvMs3_NtCs7grcQlcYysN_5pprof9collectorINtB5_11HashCounteryE4hashCslnmgxnFQWBk_9collector
FN:172,_RNvMs4_NtCs7grcQlcYysN_5pprof9collectorINtB5_11TempFdArrayINtB5_5EntryyEE3newCslnmgxnFQWBk_9collector
FN:189,_RNvMs5_NtCs7grcQlcYysN_5pprof9collectorINtB5_11TempFdArrayINtB5_5EntryyEE12flush_bufferCslnmgxnFQWBk_9collector
FN:198,_RNvMs5_NtCs7grcQlcYysN_5pprof9collectorINtB5_11TempFdArrayINtB5_5EntryyEE4pushCslnmgxnFQWBk_9collector
FN:262,_RNvMs7_NtCs7grcQlcYysN_5pprof9collectorINtB5_9CollectoryE3newCslnmgxnFQWBk_9collector
FN:271,_RNvMs8_NtCs7grcQlcYysN_5pprof9collectorINtB5_9CollectoryE3addCslnmgxnFQWBk_9collector
FN:29,_RNvXNtCs7grcQlcYysN_5pprof9collectorINtB2_5EntryyENtNtCs8r2hDutfFpp_4core7default7Default7defaultCslnmgxnFQWBk_9collector
FN:129,_RNvXs2_NtCs7grcQlcYysN_5pprof9collectorINtB5_11HashCounteryENtNtCs8r2hDutfFpp_4core7default7Default7defaultCslnmgxnFQWBk_9collector
FN:44,_RNvXs_NtCs7grcQlcYysN_5pprof9collectorINtB4_6BucketyENtNtCs8r2hDutfFpp_4core7default7Default7defaultCslnmgxnFQWBk_9collector
FN:57,_RNCNvMs0_NtCsjz8kO90ZYg7_5pprof9collectorINtB7_6BucketNtNtB7_5tests9AlignTestE3add0B9_
FN:57,_RNCNvMs0_NtCsjz8kO90ZYg7_5pprof9collectorINtB7_6BucketNtNtB9_6frames16UnresolvedFramesE3add0B9_
FN:57,_RNCNvMs0_NtCsjz8kO90ZYg7_5pprof9collectorINtB7_6BucketjE3add0B9_
FN:84,_RNvMs0_NtCsjz8kO90ZYg7_5pprof9collectorINtB5_6BucketNtNtB5_5tests9AlignTestE21min_count_entry_indexB7_
FN:55,_RNvMs0_NtCsjz8kO90ZYg7_5pprof9collectorINtB5_6BucketNtNtB5_5tests9AlignTestE3addB7_
FN:98,_RNvMs0_NtCsjz8kO90ZYg7_5pprof9collectorINtB5_6BucketNtNtB5_5tests9AlignTestE4iterB7_
FN:84,_RNvMs0_NtCsjz8kO90ZYg7_5pprof9collectorINtB5_6BucketNtNtB7_6frames16UnresolvedFramesE21min_count_entry_indexB7_
FN:55,_RNvMs0_NtCsjz8kO90ZYg7_5pprof9collectorINtB5_6BucketNtNtB7_6frames16UnresolvedFramesE3addB7_
FN:98,_RNvMs0_NtCsjz8kO90ZYg7_5pprof9collectorINtB5_6BucketNtNtB7_6frames16UnresolvedFramesE4iterB7_
FN:84,_RNvMs0_NtCsjz8kO90ZYg7_5pprof9collectorINtB5_6BucketjE21min_count_entry_indexB7_
FN:55,_RNvMs0_NtCsjz8kO90ZYg7_5pprof9collectorINtB5_6BucketjE3addB7_
FN:98,_RNvMs0_NtCsjz8kO90ZYg7_5pprof9collectorINtB5_6BucketjE4iterB7_
FN:147,_RNvMs3_NtCsjz8kO90ZYg7_5pprof9collectorINtB5_11HashCounterNtNtB5_5tests9AlignTestE3addB7_
FN:141,_RNvMs3_NtCsjz8kO90ZYg7_5pprof9collectorINtB5_11HashCounterNtNtB5_5tests9AlignTestE4hashB7_
FN:154,_RNvMs3_NtCsjz8kO90ZYg7_5pprof9collectorINtB5_11HashCounterNtNtB5_5tests9AlignTestE4iterB7_
FN:147,_RNvMs3_NtCsjz8kO90ZYg7_5pprof9collectorINtB5_11HashCounterNtNtB7_6frames16UnresolvedFramesE3addB7_
FN:141,_RNvMs3_NtCsjz8kO90ZYg7_5pprof9collectorINtB5_11HashCounterNtNtB7_6frames16UnresolvedFramesE4hashB7_
FN:154,_RNvMs3_NtCsjz8kO90ZYg7_5pprof9collectorINtB5_11HashCounterNtNtB7_6frames16UnresolvedFramesE4iterB7_
FN:147,_RNvMs3_NtCsjz8kO90ZYg7_5pprof9collectorINtB5_11HashCounterjE3addB7_
FN:141,_RNvMs3_NtCsjz8kO90ZYg7_5pprof9collectorINtB5_11HashCounterjE4hashB7_
FN:154,_RNvMs3_NtCsjz8kO90ZYg7_5pprof9collectorINtB5_11HashCounterjE4iterB7_
FN:172,_RNvMs4_NtCsjz8kO90ZYg7_5pprof9collectorINtB5_11TempFdArrayINtB5_5EntryNtNtB5_5tests9AlignTestEE3newB7_
FN:172,_RNvMs4_NtCsjz8kO90ZYg7_5pprof9collectorINtB5_11TempFdArrayINtB5_5EntryNtNtB7_6frames16UnresolvedFramesEE3newB7_
FN:172,_RNvMs4_NtCsjz8kO90ZYg7_5pprof9collectorINtB5_11TempFdArrayINtB5_5EntryjEE3newB7_
FN:172,_RNvMs4_NtCsjz8kO90ZYg7_5pprof9collectorINtB5_11TempFdArrayjE3newB7_
FN:189,_RNvMs5_NtCsjz8kO90ZYg7_5pprof9collectorINtB5_11TempFdArrayINtB5_5EntryNtNtB5_5tests9AlignTestEE12flush_bufferB7_
FN:198,_RNvMs5_NtCsjz8kO90ZYg7_5pprof9collectorINtB5_11TempFdArrayINtB5_5EntryNtNtB5_5tests9AlignTestEE4pushB7_
FN:209,_RNvMs5_NtCsjz8kO90ZYg7_5pprof9collectorINtB5_11TempFdArrayINtB5_5EntryNtNtB5_5tests9AlignTestEE8try_iterB7_
FN:189,_RNvMs5_NtCsjz8kO90ZYg7_5pprof9collectorINtB5_11TempFdArrayINtB5_5EntryNtNtB7_6frames16UnresolvedFramesEE12flush_bufferB7_
FN:198,_RNvMs5_NtCsjz8kO90ZYg7_5pprof9collectorINtB5_11TempFdArrayINtB5_5EntryNtNtB7_6frames16UnresolvedFramesEE4pushB7_
FN:209,_RNvMs5_NtCsjz8kO90ZYg7_5pprof9collectorINtB5_11TempFdArrayINtB5_5EntryNtNtB7_6frames16UnresolvedFramesEE8try_iterB7_
FN:189,_RNvMs5_NtCsjz8kO90ZYg7_5pprof9collectorINtB5_11TempFdArrayINtB5_5EntryjEE12flush_bufferB7_
FN:198,_RNvMs5_NtCsjz8kO90ZYg7_5pprof9collectorINtB5_11TempFdArrayINtB5_5EntryjEE4pushB7_
FN:209,_RNvMs5_NtCsjz8kO90ZYg7_5pprof9collectorINtB5_11TempFdArrayINtB5_5EntryjEE8try_iterB7_
FN:189,_RNvMs5_NtCsjz8kO90ZYg7_5pprof9collectorINtB5_11TempFdArrayjE12flush_bufferB7_
FN:198,_RNvMs5_NtCsjz8kO90ZYg7_5pprof9collectorINtB5_11TempFdArrayjE4pushB7_
FN:209,_RNvMs5_NtCsjz8kO90ZYg7_5pprof9collectorINtB5_11TempFdArrayjE8try_iterB7_
FN:262,_RNvMs7_NtCsjz8kO90ZYg7_5pprof9collectorINtB5_9CollectorNtNtB5_5tests9AlignTestE3newB7_
FN:262,_RNvMs7_NtCsjz8kO90ZYg7_5pprof9collectorINtB5_9CollectorNtNtB7_6frames16UnresolvedFramesE3newB7_
FN:262,_RNvMs7_NtCsjz8kO90ZYg7_5pprof9collectorINtB5_9CollectorjE3newB7_
FN:271,_RNvMs8_NtCsjz8kO90ZYg7_5pprof9collectorINtB5_9CollectorNtNtB5_5tests9AlignTestE3addB7_
FN:279,_RNvMs8_NtCsjz8kO90ZYg7_5pprof9collectorINtB5_9CollectorNtNtB5_5tests9AlignTestE8try_iterB7_
FN:271,_RNvMs8_NtCsjz8kO90ZYg7_5pprof9collectorINtB5_9CollectorNtNtB7_6frames16UnresolvedFramesE3addB7_
FN:279,_RNvMs8_NtCsjz8kO90ZYg7_5pprof9collectorINtB5_9CollectorNtNtB7_6frames16UnresolvedFramesE8try_iterB7_
FN:271,_RNvMs8_NtCsjz8kO90ZYg7_5pprof9collectorINtB5_9CollectorjE3addB7_
FN:279,_RNvMs8_NtCsjz8kO90ZYg7_5pprof9collectorINtB5_9CollectorjE8try_iterB7_
FN:29,_RNvXNtCsjz8kO90ZYg7_5pprof9collectorINtB2_5EntryNtNtB2_5tests9AlignTestENtNtCs8r2hDutfFpp_4core7default7Default7defaultB4_
FN:29,_RNvXNtCsjz8kO90ZYg7_5pprof9collectorINtB2_5EntryNtNtB4_6frames16UnresolvedFramesENtNtCs8r2hDutfFpp_4core7default7Default7defaultB4_
FN:29,_RNvXNtCsjz8kO90ZYg7_5pprof9collectorINtB2_5EntryjENtNtCs8r2hDutfFpp_4core7default7Default7defaultB4_
FN:114,_RNvXs1_NtCsjz8kO90ZYg7_5pprof9collectorINtB5_14BucketIteratorNtNtB5_5tests9AlignTestENtNtNtNtCs8r2hDutfFpp_4core4iter6traits8iterator8Iterator4nextB7_
FN:114,_RNvXs1_NtCsjz8kO90ZYg7_5pprof9collectorINtB5_14BucketIteratorNtNtB7_6frames16UnresolvedFramesENtNtNtNtCs8r2hDutfFpp_4core4iter6traits8iterator8Iterator4nextB7_
FN:114,_RNvXs1_NtCsjz8kO90ZYg7_5pprof9collectorINtB5_14BucketIteratorjENtNtNtNtCs8r2hDutfFpp_4core4iter6traits8iterator8Iterator4nextB7_
FN:129,_RNvXs2_NtCsjz8kO90ZYg7_5pprof9collectorINtB5_11HashCounterNtNtB5_5tests9AlignTestENtNtCs8r2hDutfFpp_4core7default7Default7defaultB7_
FN:129,_RNvXs2_NtCsjz8kO90ZYg7_5pprof9collectorINtB5_11HashCounterNtNtB7_6frames16UnresolvedFramesENtNtCs8r2hDutfFpp_4core7default7Default7defaultB7_
FN:129,_RNvXs2_NtCsjz8kO90ZYg7_5pprof9collectorINtB5_11HashCounterjENtNtCs8r2hDutfFpp_4core7default7Default7defaultB7_
FN:239,_RNvXs6_NtCsjz8kO90ZYg7_5pprof9collectorINtB5_19TempFdArrayIteratorINtB5_5EntryNtNtB5_5tests9AlignTestEENtNtNtNtCs8r2hDutfFpp_4core4iter6traits8iterator8Iterator4nextB7_
FN:239,_RNvXs6_NtCsjz8kO90ZYg7_5pprof9collectorINtB5_19TempFdArrayIteratorINtB5_5EntryNtNtB7_6frames16UnresolvedFramesEENtNtNtNtCs8r2hDutfFpp_4core4iter6traits8iterator8Iterator4nextB7_
FN:239,_RNvXs6_NtCsjz8kO90ZYg7_5pprof9collectorINtB5_19TempFdArrayIteratorINtB5_5EntryjEENtNtNtNtCs8r2hDutfFpp_4core4iter6traits8iterator8Iterator4nextB7_
FN:239,_RNvXs6_NtCsjz8kO90ZYg7_5pprof9collectorINtB5_19TempFdArrayIteratorjENtNtNtNtCs8r2hDutfFpp_4core4iter6traits8iterator8Iterator4nextB7_
FN:44,_RNvXs_NtCsjz8kO90ZYg7_5pprof9collectorINtB4_6BucketNtNtB4_5tests9AlignTestENtNtCs8r2hDutfFpp_4core7default7Default7defaultB6_
FN:44,_RNvXs_NtCsjz8kO90ZYg7_5pprof9collectorINtB4_6BucketNtNtB6_6frames16UnresolvedFramesENtNtCs8r2hDutfFpp_4core7default7Default7defaultB6_
FN:44,_RNvXs_NtCsjz8kO90ZYg7_5pprof9collectorINtB4_6BucketjENtNtCs8r2hDutfFpp_4core7default7Default7defaultB6_
FN:321,_RINvNtNtCsjz8kO90ZYg7_5pprof9collector5tests15record_evictionjEB6_
FN:327,_RINvNtNtCsjz8kO90ZYg7_5pprof9collector5tests27ensure_reconstructed_countsNtB2_9AlignTestNvB2_10align_testEB6_
FN:327,_RINvNtNtCsjz8kO90ZYg7_5pprof9collector5tests27ensure_reconstructed_countsjNCNvB2_s_10evict_test0EB6_
FN:327,_RINvNtNtCsjz8kO90ZYg7_5pprof9collector5tests27ensure_reconstructed_countsjNCNvB2_s_14collector_test0EB6_
FN:314,_RNCNvNtNtCsjz8kO90ZYg7_5pprof9collector5tests14bucket_entries0B7_
FN:390,_RNCNvNtNtCsjz8kO90ZYg7_5pprof9collector5testss_61bucket_eviction_spills_lowest_count_entry_and_keeps_new_entry0B7_
FN:394,_RNCNvNtNtCsjz8kO90ZYg7_5pprof9collector5testss_61bucket_eviction_spills_lowest_count_entry_and_keeps_new_entrys_0B7_
FN:555,_RNvNtNtCsjz8kO90ZYg7_5pprof9collector5tests10align_test
FN:317,_RNvNtNtCsjz8kO90ZYg7_5pprof9collector5tests12sample_count
FN:313,_RNvNtNtCsjz8kO90ZYg7_5pprof9collector5tests14bucket_entries
FN:493,_RNvNtNtCsjz8kO90ZYg7_5pprof9collector5testss_10evict_test
FN:511,_RNvNtNtCsjz8kO90ZYg7_5pprof9collector5testss_14collector_test
FN:468,_RNvNtNtCsjz8kO90ZYg7_5pprof9collector5testss_18stack_hash_counter
FN:538,_RNvNtNtCsjz8kO90ZYg7_5pprof9collector5testss_20collector_align_test
FN:400,_RNvNtNtCsjz8kO90ZYg7_5pprof9collector5testss_40bucket_iterator_yields_only_live_entries
FN:416,_RNvNtNtCsjz8kO90ZYg7_5pprof9collector5testss_53temp_fd_array_iterates_buffered_entries_without_flush
FN:432,_RNvNtNtCsjz8kO90ZYg7_5pprof9collector5testss_57temp_fd_array_iterates_current_buffer_and_flushed_entries
FN:366,_RNvNtNtCsjz8kO90ZYg7_5pprof9collector5testss_61bucket_eviction_spills_lowest_count_entry_and_keeps_new_entry
FN:349,_RNvNtNtCsjz8kO90ZYg7_5pprof9collector5testss_61bucket_updates_existing_key_without_eviction_or_length_growth
FN:290,_RINvNtNtCsjz8kO90ZYg7_5pprof9collector10test_utils7add_mapNtNtB4_5tests9AlignTestEB6_
FN:290,_RINvNtNtCsjz8kO90ZYg7_5pprof9collector10test_utils7add_mapjEB6_
FNDA:0,_RNCNvMs0_NtCs7grcQlcYysN_5pprof9collectorINtB7_6BucketNtNtB9_6frames16UnresolvedFramesE3add0B9_
FNDA:0,_RNvMs0_NtCs7grcQlcYysN_5pprof9collectorINtB5_6BucketNtNtB7_6frames16UnresolvedFramesE21min_count_entry_indexB7_
FNDA:0,_RNvMs0_NtCs7grcQlcYysN_5pprof9collectorINtB5_6BucketNtNtB7_6frames16UnresolvedFramesE3addB7_
FNDA:0,_RNvMs0_NtCs7grcQlcYysN_5pprof9collectorINtB5_6BucketNtNtB7_6frames16UnresolvedFramesE4iterB7_
FNDA:0,_RNvMs3_NtCs7grcQlcYysN_5pprof9collectorINtB5_11HashCounterNtNtB7_6frames16UnresolvedFramesE3addB7_
FNDA:0,_RNvMs3_NtCs7grcQlcYysN_5pprof9collectorINtB5_11HashCounterNtNtB7_6frames16UnresolvedFramesE4hashB7_
FNDA:0,_RNvMs3_NtCs7grcQlcYysN_5pprof9collectorINtB5_11HashCounterNtNtB7_6frames16UnresolvedFramesE4iterB7_
FNDA:0,_RNvMs4_NtCs7grcQlcYysN_5pprof9collectorINtB5_11TempFdArrayINtB5_5EntryNtNtB7_6frames16UnresolvedFramesEE3newB7_
FNDA:0,_RNvMs5_NtCs7grcQlcYysN_5pprof9collectorINtB5_11TempFdArrayINtB5_5EntryNtNtB7_6frames16UnresolvedFramesEE12flush_bufferB7_
FNDA:0,_RNvMs5_NtCs7grcQlcYysN_5pprof9collectorINtB5_11TempFdArrayINtB5_5EntryNtNtB7_6frames16UnresolvedFramesEE4pushB7_
FNDA:0,_RNvMs5_NtCs7grcQlcYysN_5pprof9collectorINtB5_11TempFdArrayINtB5_5EntryNtNtB7_6frames16UnresolvedFramesEE8try_iterB7_
FNDA:0,_RNvMs7_NtCs7grcQlcYysN_5pprof9collectorINtB5_9CollectorNtNtB7_6frames16UnresolvedFramesE3newB7_
FNDA:0,_RNvMs8_NtCs7grcQlcYysN_5pprof9collectorINtB5_9CollectorNtNtB7_6frames16UnresolvedFramesE3addB7_
FNDA:0,_RNvMs8_NtCs7grcQlcYysN_5pprof9collectorINtB5_9CollectorNtNtB7_6frames16UnresolvedFramesE8try_iterB7_
FNDA:0,_RNvXNtCs7grcQlcYysN_5pprof9collectorINtB2_5EntryNtNtB4_6frames16UnresolvedFramesENtNtCs8r2hDutfFpp_4core7default7Default7defaultB4_
FNDA:0,_RNvXs1_NtCs7grcQlcYysN_5pprof9collectorINtB5_14BucketIteratorNtNtB7_6frames16UnresolvedFramesENtNtNtNtCs8r2hDutfFpp_4core4iter6traits8iterator8Iterator4nextB7_
FNDA:0,_RNvXs2_NtCs7grcQlcYysN_5pprof9collectorINtB5_11HashCounterNtNtB7_6frames16UnresolvedFramesENtNtCs8r2hDutfFpp_4core7default7Default7defaultB7_
FNDA:0,_RNvXs6_NtCs7grcQlcYysN_5pprof9collectorINtB5_19TempFdArrayIteratorINtB5_5EntryNtNtB7_6frames16UnresolvedFramesEENtNtNtNtCs8r2hDutfFpp_4core4iter6traits8iterator8Iterator4nextB7_
FNDA:0,_RNvXs_NtCs7grcQlcYysN_5pprof9collectorINtB4_6BucketNtNtB6_6frames16UnresolvedFramesENtNtCs8r2hDutfFpp_4core7default7Default7defaultB6_
FNDA:260,_RNCNvMs0_NtCs7grcQlcYysN_5pprof9collectorINtB7_6BucketyE3add0CslnmgxnFQWBk_9collector
FNDA:0,_RNvMs0_NtCs7grcQlcYysN_5pprof9collectorINtB5_6BucketyE21min_count_entry_indexCslnmgxnFQWBk_9collector
FNDA:2000,_RNvMs0_NtCs7grcQlcYysN_5pprof9collectorINtB5_6BucketyE3addCslnmgxnFQWBk_9collector
FNDA:2000,_RNvMs3_NtCs7grcQlcYysN_5pprof9collectorINtB5_11HashCounteryE3addCslnmgxnFQWBk_9collector
FNDA:2000,_RNvMs3_NtCs7grcQlcYysN_5pprof9collectorINtB5_11HashCounteryE4hashCslnmgxnFQWBk_9collector
FNDA:1,_RNvMs4_NtCs7grcQlcYysN_5pprof9collectorINtB5_11TempFdArrayINtB5_5EntryyEE3newCslnmgxnFQWBk_9collector
FNDA:0,_RNvMs5_NtCs7grcQlcYysN_5pprof9collectorINtB5_11TempFdArrayINtB5_5EntryyEE12flush_bufferCslnmgxnFQWBk_9collector
FNDA:0,_RNvMs5_NtCs7grcQlcYysN_5pprof9collectorINtB5_11TempFdArrayINtB5_5EntryyEE4pushCslnmgxnFQWBk_9collector
FNDA:1,_RNvMs7_NtCs7grcQlcYysN_5pprof9collectorINtB5_9CollectoryE3newCslnmgxnFQWBk_9collector
FNDA:1000,_RNvMs8_NtCs7grcQlcYysN_5pprof9collectorINtB5_9CollectoryE3addCslnmgxnFQWBk_9collector
FNDA:32799,_RNvXNtCs7grcQlcYysN_5pprof9collectorINtB2_5EntryyENtNtCs8r2hDutfFpp_4core7default7Default7defaultCslnmgxnFQWBk_9collector
FNDA:2,_RNvXs2_NtCs7grcQlcYysN_5pprof9collectorINtB5_11HashCounteryENtNtCs8r2hDutfFpp_4core7default7Default7defaultCslnmgxnFQWBk_9collector
FNDA:8192,_RNvXs_NtCs7grcQlcYysN_5pprof9collectorINtB4_6BucketyENtNtCs8r2hDutfFpp_4core7default7Default7defaultCslnmgxnFQWBk_9collector
FNDA:46362,_RNCNvMs0_NtCsjz8kO90ZYg7_5pprof9collectorINtB7_6BucketNtNtB7_5tests9AlignTestE3add0B9_
FNDA:479,_RNCNvMs0_NtCsjz8kO90ZYg7_5pprof9collectorINtB7_6BucketNtNtB9_6frames16UnresolvedFramesE3add0B9_
FNDA:51814,_RNCNvMs0_NtCsjz8kO90ZYg7_5pprof9collectorINtB7_6BucketjE3add0B9_
FNDA:1333,_RNvMs0_NtCsjz8kO90ZYg7_5pprof9collectorINtB5_6BucketNtNtB5_5tests9AlignTestE21min_count_entry_indexB7_
FNDA:24576,_RNvMs0_NtCsjz8kO90ZYg7_5pprof9collectorINtB5_6BucketNtNtB5_5tests9AlignTestE3addB7_
FNDA:4096,_RNvMs0_NtCsjz8kO90ZYg7_5pprof9collectorINtB5_6BucketNtNtB5_5tests9AlignTestE4iterB7_
FNDA:0,_RNvMs0_NtCsjz8kO90ZYg7_5pprof9collectorINtB5_6BucketNtNtB7_6frames16UnresolvedFramesE21min_count_entry_indexB7_
FNDA:501,_RNvMs0_NtCsjz8kO90ZYg7_5pprof9collectorINtB5_6BucketNtNtB7_6frames16UnresolvedFramesE3addB7_
FNDA:73728,_RNvMs0_NtCsjz8kO90ZYg7_5pprof9collectorINtB5_6BucketNtNtB7_6frames16UnresolvedFramesE4iterB7_
FNDA:1352,_RNvMs0_NtCsjz8kO90ZYg7_5pprof9collectorINtB5_6BucketjE21min_count_entry_indexB7_
FNDA:30731,_RNvMs0_NtCsjz8kO90ZYg7_5pprof9collectorINtB5_6BucketjE3addB7_
FNDA:12292,_RNvMs0_NtCsjz8kO90ZYg7_5pprof9collectorINtB5_6BucketjE4iterB7_
FNDA:24576,_RNvMs3_NtCsjz8kO90ZYg7_5pprof9collectorINtB5_11HashCounterNtNtB5_5tests9AlignTestE3addB7_
FNDA:24576,_RNvMs3_NtCsjz8kO90ZYg7_5pprof9collectorINtB5_11HashCounterNtNtB5_5tests9AlignTestE4hashB7_
FNDA:1,_RNvMs3_NtCsjz8kO90ZYg7_5pprof9collectorINtB5_11HashCounterNtNtB5_5tests9AlignTestE4iterB7_
FNDA:501,_RNvMs3_NtCsjz8kO90ZYg7_5pprof9collectorINtB5_11HashCounterNtNtB7_6frames16UnresolvedFramesE3addB7_
FNDA:501,_RNvMs3_NtCsjz8kO90ZYg7_5pprof9collectorINtB5_11HashCounterNtNtB7_6frames16UnresolvedFramesE4hashB7_
FNDA:18,_RNvMs3_NtCsjz8kO90ZYg7_5pprof9collectorINtB5_11HashCounterNtNtB7_6frames16UnresolvedFramesE4iterB7_
FNDA:30723,_RNvMs3_NtCsjz8kO90ZYg7_5pprof9collectorINtB5_11HashCounterjE3addB7_
FNDA:30723,_RNvMs3_NtCsjz8kO90ZYg7_5pprof9collectorINtB5_11HashCounterjE4hashB7_
FNDA:3,_RNvMs3_NtCsjz8kO90ZYg7_5pprof9collectorINtB5_11HashCounterjE4iterB7_
FNDA:1,_RNvMs4_NtCsjz8kO90ZYg7_5pprof9collectorINtB5_11TempFdArrayINtB5_5EntryNtNtB5_5tests9AlignTestEE3newB7_
FNDA:35,_RNvMs4_NtCsjz8kO90ZYg7_5pprof9collectorINtB5_11TempFdArrayINtB5_5EntryNtNtB7_6frames16UnresolvedFramesEE3newB7_
FNDA:1,_RNvMs4_NtCsjz8kO90ZYg7_5pprof9collectorINtB5_11TempFdArrayINtB5_5EntryjEE3newB7_
FNDA:2,_RNvMs4_NtCsjz8kO90ZYg7_5pprof9collectorINtB5_11TempFdArrayjE3newB7_
FNDA:42,_RNvMs5_NtCsjz8kO90ZYg7_5pprof9collectorINtB5_11TempFdArrayINtB5_5EntryNtNtB5_5tests9AlignTestEE12flush_bufferB7_
FNDA:1333,_RNvMs5_NtCsjz8kO90ZYg7_5pprof9collectorINtB5_11TempFdArrayINtB5_5EntryNtNtB5_5tests9AlignTestEE4pushB7_
FNDA:1,_RNvMs5_NtCsjz8kO90ZYg7_5pprof9collectorINtB5_11TempFdArrayINtB5_5EntryNtNtB5_5tests9AlignTestEE8try_iterB7_
FNDA:0,_RNvMs5_NtCsjz8kO90ZYg7_5pprof9collectorINtB5_11TempFdArrayINtB5_5EntryNtNtB7_6frames16UnresolvedFramesEE12flush_bufferB7_
FNDA:0,_RNvMs5_NtCsjz8kO90ZYg7_5pprof9collectorINtB5_11TempFdArrayINtB5_5EntryNtNtB7_6frames16UnresolvedFramesEE4pushB7_
FNDA:18,_RNvMs5_NtCsjz8kO90ZYg7_5pprof9collectorINtB5_11TempFdArrayINtB5_5EntryNtNtB7_6frames16UnresolvedFramesEE8try_iterB7_
FNDA:43,_RNvMs5_NtCsjz8kO90ZYg7_5pprof9collectorINtB5_11TempFdArrayINtB5_5EntryjEE12flush_bufferB7_
FNDA:1349,_RNvMs5_NtCsjz8kO90ZYg7_5pprof9collectorINtB5_11TempFdArrayINtB5_5EntryjEE4pushB7_
FNDA:1,_RNvMs5_NtCsjz8kO90ZYg7_5pprof9collectorINtB5_11TempFdArrayINtB5_5EntryjEE8try_iterB7_
FNDA:1,_RNvMs5_NtCsjz8kO90ZYg7_5pprof9collectorINtB5_11TempFdArrayjE12flush_bufferB7_
FNDA:35,_RNvMs5_NtCsjz8kO90ZYg7_5pprof9collectorINtB5_11TempFdArrayjE4pushB7_
FNDA:2,_RNvMs5_NtCsjz8kO90ZYg7_5pprof9collectorINtB5_11TempFdArrayjE8try_iterB7_
FNDA:1,_RNvMs7_NtCsjz8kO90ZYg7_5pprof9collectorINtB5_9CollectorNtNtB5_5tests9AlignTestE3newB7_
FNDA:35,_RNvMs7_NtCsjz8kO90ZYg7_5pprof9collectorINtB5_9CollectorNtNtB7_6frames16UnresolvedFramesE3newB7_
FNDA:1,_RNvMs7_NtCsjz8kO90ZYg7_5pprof9collectorINtB5_9CollectorjE3newB7_
FNDA:24576,_RNvMs8_NtCsjz8kO90ZYg7_5pprof9collectorINtB5_9CollectorNtNtB5_5tests9AlignTestE3addB7_
FNDA:1,_RNvMs8_NtCsjz8kO90ZYg7_5pprof9collectorINtB5_9CollectorNtNtB5_5tests9AlignTestE8try_iterB7_
FNDA:501,_RNvMs8_NtCsjz8kO90ZYg7_5pprof9collectorINtB5_9CollectorNtNtB7_6frames16UnresolvedFramesE3addB7_
FNDA:18,_RNvMs8_NtCsjz8kO90ZYg7_5pprof9collectorINtB5_9CollectorNtNtB7_6frames16UnresolvedFramesE8try_iterB7_
FNDA:24576,_RNvMs8_NtCsjz8kO90ZYg7_5pprof9collectorINtB5_9CollectorjE3addB7_
FNDA:1,_RNvMs8_NtCsjz8kO90ZYg7_5pprof9collectorINtB5_9CollectorjE8try_iterB7_
FNDA:16415,_RNvXNtCsjz8kO90ZYg7_5pprof9collectorINtB2_5EntryNtNtB2_5tests9AlignTestENtNtCs8r2hDutfFpp_4core7default7Default7defaultB4_
FNDA:574525,_RNvXNtCsjz8kO90ZYg7_5pprof9collectorINtB2_5EntryNtNtB4_6frames16UnresolvedFramesENtNtCs8r2hDutfFpp_4core7default7Default7defaultB4_
FNDA:49195,_RNvXNtCsjz8kO90ZYg7_5pprof9collectorINtB2_5EntryjENtNtCs8r2hDutfFpp_4core7default7Default7defaultB4_
FNDA:15051,_RNvXs1_NtCsjz8kO90ZYg7_5pprof9collectorINtB5_14BucketIteratorNtNtB5_5tests9AlignTestENtNtNtNtCs8r2hDutfFpp_4core4iter6traits8iterator8Iterator4nextB7_
FNDA:73736,_RNvXs1_NtCsjz8kO90ZYg7_5pprof9collectorINtB5_14BucketIteratorNtNtB7_6frames16UnresolvedFramesENtNtNtNtCs8r2hDutfFpp_4core4iter6traits8iterator8Iterator4nextB7_
FNDA:26309,_RNvXs1_NtCsjz8kO90ZYg7_5pprof9collectorINtB5_14BucketIteratorjENtNtNtNtCs8r2hDutfFpp_4core4iter6traits8iterator8Iterator4nextB7_
FNDA:1,_RNvXs2_NtCsjz8kO90ZYg7_5pprof9collectorINtB5_11HashCounterNtNtB5_5tests9AlignTestENtNtCs8r2hDutfFpp_4core7default7Default7defaultB7_
FNDA:35,_RNvXs2_NtCsjz8kO90ZYg7_5pprof9collectorINtB5_11HashCounterNtNtB7_6frames16UnresolvedFramesENtNtCs8r2hDutfFpp_4core7default7Default7defaultB7_
FNDA:3,_RNvXs2_NtCsjz8kO90ZYg7_5pprof9collectorINtB5_11HashCounterjENtNtCs8r2hDutfFpp_4core7default7Default7defaultB7_
FNDA:1334,_RNvXs6_NtCsjz8kO90ZYg7_5pprof9collectorINtB5_19TempFdArrayIteratorINtB5_5EntryNtNtB5_5tests9AlignTestEENtNtNtNtCs8r2hDutfFpp_4core4iter6traits8iterator8Iterator4nextB7_
FNDA:18,_RNvXs6_NtCsjz8kO90ZYg7_5pprof9collectorINtB5_19TempFdArrayIteratorINtB5_5EntryNtNtB7_6frames16UnresolvedFramesEENtNtNtNtCs8r2hDutfFpp_4core4iter6traits8iterator8Iterator4nextB7_
FNDA:1350,_RNvXs6_NtCsjz8kO90ZYg7_5pprof9collectorINtB5_19TempFdArrayIteratorINtB5_5EntryjEENtNtNtNtCs8r2hDutfFpp_4core4iter6traits8iterator8Iterator4nextB7_
FNDA:37,_RNvXs6_NtCsjz8kO90ZYg7_5pprof9collectorINtB5_19TempFdArrayIteratorjENtNtNtNtCs8r2hDutfFpp_4core4iter6traits8iterator8Iterator4nextB7_
FNDA:4096,_RNvXs_NtCsjz8kO90ZYg7_5pprof9collectorINtB4_6BucketNtNtB4_5tests9AlignTestENtNtCs8r2hDutfFpp_4core7default7Default7defaultB6_
FNDA:143360,_RNvXs_NtCsjz8kO90ZYg7_5pprof9collectorINtB4_6BucketNtNtB6_6frames16UnresolvedFramesENtNtCs8r2hDutfFpp_4core7default7Default7defaultB6_
FNDA:12291,_RNvXs_NtCsjz8kO90ZYg7_5pprof9collectorINtB4_6BucketjENtNtCs8r2hDutfFpp_4core7default7Default7defaultB6_
FNDA:6144,_RINvNtNtCsjz8kO90ZYg7_5pprof9collector5tests15record_evictionjEB6_
FNDA:1,_RINvNtNtCsjz8kO90ZYg7_5pprof9collector5tests27ensure_reconstructed_countsNtB2_9AlignTestNvB2_10align_testEB6_
FNDA:1,_RINvNtNtCsjz8kO90ZYg7_5pprof9collector5tests27ensure_reconstructed_countsjNCNvB2_s_10evict_test0EB6_
FNDA:1,_RINvNtNtCsjz8kO90ZYg7_5pprof9collector5tests27ensure_reconstructed_countsjNCNvB2_s_14collector_test0EB6_
FNDA:6,_RNCNvNtNtCsjz8kO90ZYg7_5pprof9collector5tests14bucket_entries0B7_
FNDA:2,_RNCNvNtNtCsjz8kO90ZYg7_5pprof9collector5testss_61bucket_eviction_spills_lowest_count_entry_and_keeps_new_entry0B7_
FNDA:4,_RNCNvNtNtCsjz8kO90ZYg7_5pprof9collector5testss_61bucket_eviction_spills_lowest_count_entry_and_keeps_new_entrys_0B7_
FNDA:40960,_RNvNtNtCsjz8kO90ZYg7_5pprof9collector5tests10align_test
FNDA:36864,_RNvNtNtCsjz8kO90ZYg7_5pprof9collector5tests12sample_count
FNDA:4,_RNvNtNtCsjz8kO90ZYg7_5pprof9collector5tests14bucket_entries
FNDA:1,_RNvNtNtCsjz8kO90ZYg7_5pprof9collector5testss_10evict_test
FNDA:1,_RNvNtNtCsjz8kO90ZYg7_5pprof9collector5testss_14collector_test
FNDA:1,_RNvNtNtCsjz8kO90ZYg7_5pprof9collector5testss_18stack_hash_counter
FNDA:1,_RNvNtNtCsjz8kO90ZYg7_5pprof9collector5testss_20collector_align_test
FNDA:1,_RNvNtNtCsjz8kO90ZYg7_5pprof9collector5testss_40bucket_iterator_yields_only_live_entries
FNDA:1,_RNvNtNtCsjz8kO90ZYg7_5pprof9collector5testss_53temp_fd_array_iterates_buffered_entries_without_flush
FNDA:1,_RNvNtNtCsjz8kO90ZYg7_5pprof9collector5testss_57temp_fd_array_iterates_current_buffer_and_flushed_entries
FNDA:1,_RNvNtNtCsjz8kO90ZYg7_5pprof9collector5testss_61bucket_eviction_spills_lowest_count_entry_and_keeps_new_entry
FNDA:1,_RNvNtNtCsjz8kO90ZYg7_5pprof9collector5testss_61bucket_updates_existing_key_without_eviction_or_length_growth
FNDA:12288,_RINvNtNtCsjz8kO90ZYg7_5pprof9collector10test_utils7add_mapNtNtB4_5tests9AlignTestEB6_
FNDA:15362,_RINvNtNtCsjz8kO90ZYg7_5pprof9collector10test_utils7add_mapjEB6_
FNF:37
FNH:37
DA:29,672934
DA:30,672934
DA:31,672934
DA:32,672934
DA:33,672934
DA:34,672934
DA:44,167939
DA:45,167939
DA:47,167939
DA:48,167939
DA:49,167939
DA:50,167939
DA:51,167939
DA:55,57808
DA:56,57808
DA:57,98915
DA:58,98915
DA:59,28129
DA:60,28129
DA:61,70786
DA:62,98915
DA:64,57808
DA:65,28129
DA:66,29679
DA:67,26994
DA:68,26994
DA:69,26994
DA:71,26994
DA:72,26994
DA:74,2685
DA:75,2685
DA:76,2685
DA:77,2685
DA:78,2685
DA:79,2685
DA:80,2685
DA:82,57808
DA:84,2685
DA:85,2685
DA:86,2685
DA:87,8055
DA:88,8055
DA:89,8055
DA:90,6298
DA:91,1757
DA:92,1757
DA:93,1757
DA:95,2685
DA:96,2685
DA:98,90116
DA:99,90116
DA:100,90116
DA:101,90116
DA:102,90116
DA:103,90116
DA:114,115096
DA:115,115096
DA:116,24980
DA:117,24980
DA:119,90116
DA:121,115096
DA:129,41
DA:130,41
DA:131,41
DA:132,41
DA:134,41
DA:135,41
DA:136,41
DA:137,41
DA:141,57800
DA:142,57800
DA:143,57800
DA:144,57800
DA:145,57800
DA:147,57800
DA:148,57800
DA:149,57800
DA:151,57800
DA:152,57800
DA:154,22
DA:155,22
DA:156,90090
DA:157,90090
DA:158,90090
DA:160,22
DA:161,22
DA:172,40
DA:173,40
DA:175,40
DA:176,40
DA:177,40
DA:179,40
DA:180,40
DA:181,40
DA:182,40
DA:183,40
DA:184,40
DA:185,40
DA:189,86
DA:190,86
DA:191,86
DA:192,86
DA:193,86
DA:195,86
DA:196,86
DA:198,2717
DA:199,2717
DA:200,86
DA:201,2631
DA:203,2717
DA:204,2717
DA:206,2717
DA:207,2717
DA:209,22
DA:210,22
DA:212,22
DA:213,22
DA:215,22
DA:216,22
DA:217,22
DA:218,22
DA:219,22
DA:220,22
DA:222,22
DA:223,22
DA:224,22
DA:225,22
DA:226,22
DA:227,22
DA:239,2739
DA:240,2739
DA:241,51
DA:242,51
DA:244,2688
DA:245,2688
DA:246,2688
DA:247,2666
DA:248,2666
DA:250,22
DA:253,2739
DA:262,38
DA:264,38
DA:265,38
DA:267,38
DA:271,50653
DA:272,50653
DA:273,2682
DA:274,47971
DA:276,50653
DA:277,50653
DA:279,20
DA:280,20
DA:281,20
DA:290,27650
DA:291,27650
DA:292,27650
DA:293,27650
DA:294,27650
DA:295,0
DA:297,27650
DA:313,4
DA:314,6
DA:315,4
DA:317,36864
DA:318,36864
DA:319,36864
DA:321,6144
DA:322,6144
DA:323,2
DA:324,6142
DA:325,6144
DA:327,3
DA:328,3
DA:329,3
DA:330,3
DA:331,3
DA:332,3
DA:333,3
DA:334,3
DA:336,36864
DA:337,36864
DA:338,36864
DA:339,36864
DA:340,36864
DA:341,36864
DA:343,0
DA:345,3
DA:346,3
DA:349,1
DA:350,1
DA:352,1
DA:353,1
DA:354,1
DA:356,0
DA:358,1
DA:359,1
DA:360,1
DA:363,1
DA:366,1
DA:367,1
DA:369,4
DA:370,4
DA:371,4
DA:373,0
DA:376,1
DA:377,1
DA:378,1
DA:379,1
DA:380,1
DA:383,0
DA:387,1
DA:388,1
DA:389,1
DA:390,2
DA:392,0
DA:393,1
DA:394,4
DA:397,1
DA:400,1
DA:401,1
DA:403,1
DA:404,1
DA:406,0
DA:407,1
DA:409,1
DA:410,1
DA:413,1
DA:416,1
DA:417,1
DA:419,1
DA:420,1
DA:422,1
DA:423,1
DA:424,1
DA:425,1
DA:426,1
DA:429,1
DA:432,1
DA:433,1
DA:434,1
DA:435,1
DA:437,33
DA:438,33
DA:441,1
DA:442,1
DA:443,1
DA:444,1
DA:445,1
DA:446,1
DA:448,0
DA:449,1
DA:450,1
DA:452,0
DA:453,1
DA:454,1
DA:456,0
DA:457,1
DA:458,1
DA:460,0
DA:461,1
DA:462,1
DA:465,1
DA:468,1
DA:469,1
DA:470,1
DA:471,1
DA:472,1
DA:474,1
DA:475,2
DA:476,2
DA:477,2
DA:479,1
DA:480,1
DA:481,1
DA:483,0
DA:484,1
DA:485,1
DA:486,1
DA:488,0
DA:489,1
DA:490,1
DA:493,1
DA:494,1
DA:495,1
DA:497,4096
DA:498,6144
DA:499,6144
DA:500,6144
DA:503,3070
DA:504,3070
DA:505,3070
DA:507,1
DA:508,1
DA:511,1
DA:512,1
DA:513,1
DA:515,16384
DA:516,16384
DA:517,24576
DA:521,12288
DA:522,12288
DA:523,12288
DA:525,1
DA:526,1
DA:538,1
DA:539,1
DA:540,1
DA:542,16384
DA:543,16384
DA:544,24576
DA:548,12288
DA:549,12288
DA:550,12288
DA:552,1
DA:553,1
DA:555,40960
DA:556,40960
DA:557,40960
DA:558,40960
DA:559,40960
DA:560,40960
DA:561,40960
DA:562,40960
BRDA:58,0,0,28129
BRDA:58,0,1,70786
BRDA:64,0,0,28129
BRDA:64,0,1,29679
BRDA:66,0,0,26994
BRDA:66,0,1,2685
BRDA:89,0,0,6298
BRDA:89,0,1,1757
BRDA:115,0,0,24980
BRDA:115,0,1,90116
BRDA:199,0,0,86
BRDA:199,0,1,2631
BRDA:240,0,0,51
BRDA:240,0,1,2688
BRDA:246,0,0,2666
BRDA:246,0,1,22
BRDA:272,0,0,2682
BRDA:272,0,1,47971
BRDA:322,0,0,2
BRDA:322,0,1,6142
BRF:20
BRH:20
LF:327
LH:314
end_of_record
SF:/home/openai/strict-rs/strict-pprof-rs/src/criterion.rs
FN:55,_RNvMNtCsjz8kO90ZYg7_5pprof9criterionNtB2_13PProfProfiler11take_report
FN:66,_RNvMNtCsjz8kO90ZYg7_5pprof9criterionNtB2_13PProfProfiler12write_output
FN:45,_RNvMNtCsjz8kO90ZYg7_5pprof9criterionNtB2_13PProfProfiler15output_filename
FN:37,_RNvMNtCsjz8kO90ZYg7_5pprof9criterionNtB2_13PProfProfiler3new
FN:89,_RNvNtCsjz8kO90ZYg7_5pprof9criterion21write_protobuf_output
FN:80,_RNvNtCsjz8kO90ZYg7_5pprof9criterion23write_flamegraph_output
FN:126,_RNvXs_NtCsjz8kO90ZYg7_5pprof9criterionNtB4_13PProfProfilerNtNtCs4TSOHfSQvT4_9criterion8profiler8Profiler14stop_profiling
FN:119,_RNvXs_NtCsjz8kO90ZYg7_5pprof9criterionNtB4_13PProfProfilerNtNtCs4TSOHfSQvT4_9criterion8profiler8Profiler15start_profiling
FN:162,_RNvNtNtCsjz8kO90ZYg7_5pprof9criterion5tests22read_flamegraph_output
FN:169,_RNvNtNtCsjz8kO90ZYg7_5pprof9criterion5tests52ensure_stop_without_active_creates_empty_output_file
FN:181,_RNvNtNtCsjz8kO90ZYg7_5pprof9criterion5tests62ensure_global_profiler_can_restart_after_failed_criterion_stop
FN:190,_RNvNtNtCsjz8kO90ZYg7_5pprof9criterion5tests69ensure_stop_clears_active_profiler_when_output_file_cannot_be_created
FN:215,_RNvNtNtCsjz8kO90ZYg7_5pprof9criterion5tests77ensure_stop_clears_active_profiler_when_benchmark_directory_cannot_be_created
FN:341,_RNvNtNtCsjz8kO90ZYg7_5pprof9criterion5testss_48start_and_stop_flamegraph_profiler_writes_report
FN:309,_RNvNtNtCsjz8kO90ZYg7_5pprof9criterion5testss_48take_report_without_active_profiler_returns_none
FN:320,_RNvNtNtCsjz8kO90ZYg7_5pprof9criterion5testss_53stop_without_active_profiler_creates_output_file_only
FN:243,_RNvNtNtCsjz8kO90ZYg7_5pprof9criterion5testss_54protobuf_output_uses_profile_filename_and_writes_bytes
FN:326,_RNvNtNtCsjz8kO90ZYg7_5pprof9criterion5testss_60stop_with_invalid_benchmark_directory_returns_without_output
FN:294,_RNvNtNtCsjz8kO90ZYg7_5pprof9criterion5testss_61new_flamegraph_profiler_starts_inactive_and_uses_svg_filename
FN:365,_RNvNtNtCsjz8kO90ZYg7_5pprof9criterion5testss_62start_leaves_profiler_inactive_when_global_profiler_is_running
FN:276,_RNvNtNtCsjz8kO90ZYg7_5pprof9criterion5testss_62stop_without_active_protobuf_profiler_creates_output_file_only
FN:261,_RNvNtNtCsjz8kO90ZYg7_5pprof9criterion5testss_63new_protobuf_profiler_starts_inactive_and_uses_profile_filename
FN:282,_RNvNtNtCsjz8kO90ZYg7_5pprof9criterion5testss_71stop_clears_active_protobuf_profiler_when_output_file_cannot_be_created
FN:392,_RNvNtNtCsjz8kO90ZYg7_5pprof9criterion5testss_73stop_clears_active_flamegraph_profiler_when_output_file_cannot_be_created
FN:404,_RNvNtNtCsjz8kO90ZYg7_5pprof9criterion5testss_73stop_with_invalid_flamegraph_options_consumes_profiler_without_svg_output
FN:288,_RNvNtNtCsjz8kO90ZYg7_5pprof9criterion5testss_79stop_clears_active_protobuf_profiler_when_benchmark_directory_cannot_be_created
FN:398,_RNvNtNtCsjz8kO90ZYg7_5pprof9criterion5testss_81stop_clears_active_flamegraph_profiler_when_benchmark_directory_cannot_be_created
FNDA:12,_RNvMNtCsjz8kO90ZYg7_5pprof9criterionNtB2_13PProfProfiler11take_report
FNDA:4,_RNvMNtCsjz8kO90ZYg7_5pprof9criterionNtB2_13PProfProfiler12write_output
FNDA:12,_RNvMNtCsjz8kO90ZYg7_5pprof9criterionNtB2_13PProfProfiler15output_filename
FNDA:15,_RNvMNtCsjz8kO90ZYg7_5pprof9criterionNtB2_13PProfProfiler3new
FNDA:1,_RNvNtCsjz8kO90ZYg7_5pprof9criterion21write_protobuf_output
FNDA:3,_RNvNtCsjz8kO90ZYg7_5pprof9criterion23write_flamegraph_output
FNDA:11,_RNvXs_NtCsjz8kO90ZYg7_5pprof9criterionNtB4_13PProfProfilerNtNtCs4TSOHfSQvT4_9criterion8profiler8Profiler14stop_profiling
FNDA:9,_RNvXs_NtCsjz8kO90ZYg7_5pprof9criterionNtB4_13PProfProfilerNtNtCs4TSOHfSQvT4_9criterion8profiler8Profiler15start_profiling
FNDA:2,_RNvNtNtCsjz8kO90ZYg7_5pprof9criterion5tests22read_flamegraph_output
FNDA:2,_RNvNtNtCsjz8kO90ZYg7_5pprof9criterion5tests52ensure_stop_without_active_creates_empty_output_file
FNDA:4,_RNvNtNtCsjz8kO90ZYg7_5pprof9criterion5tests62ensure_global_profiler_can_restart_after_failed_criterion_stop
FNDA:2,_RNvNtNtCsjz8kO90ZYg7_5pprof9criterion5tests69ensure_stop_clears_active_profiler_when_output_file_cannot_be_created
FNDA:2,_RNvNtNtCsjz8kO90ZYg7_5pprof9criterion5tests77ensure_stop_clears_active_profiler_when_benchmark_directory_cannot_be_created
FNDA:1,_RNvNtNtCsjz8kO90ZYg7_5pprof9criterion5testss_48start_and_stop_flamegraph_profiler_writes_report
FNDA:1,_RNvNtNtCsjz8kO90ZYg7_5pprof9criterion5testss_48take_report_without_active_profiler_returns_none
FNDA:1,_RNvNtNtCsjz8kO90ZYg7_5pprof9criterion5testss_53stop_without_active_profiler_creates_output_file_only
FNDA:1,_RNvNtNtCsjz8kO90ZYg7_5pprof9criterion5testss_54protobuf_output_uses_profile_filename_and_writes_bytes
FNDA:1,_RNvNtNtCsjz8kO90ZYg7_5pprof9criterion5testss_60stop_with_invalid_benchmark_directory_returns_without_output
FNDA:1,_RNvNtNtCsjz8kO90ZYg7_5pprof9criterion5testss_61new_flamegraph_profiler_starts_inactive_and_uses_svg_filename
FNDA:1,_RNvNtNtCsjz8kO90ZYg7_5pprof9criterion5testss_62start_leaves_profiler_inactive_when_global_profiler_is_running
FNDA:1,_RNvNtNtCsjz8kO90ZYg7_5pprof9criterion5testss_62stop_without_active_protobuf_profiler_creates_output_file_only
FNDA:1,_RNvNtNtCsjz8kO90ZYg7_5pprof9criterion5testss_63new_protobuf_profiler_starts_inactive_and_uses_profile_filename
FNDA:1,_RNvNtNtCsjz8kO90ZYg7_5pprof9criterion5testss_71stop_clears_active_protobuf_profiler_when_output_file_cannot_be_created
FNDA:1,_RNvNtNtCsjz8kO90ZYg7_5pprof9criterion5testss_73stop_clears_active_flamegraph_profiler_when_output_file_cannot_be_created
FNDA:1,_RNvNtNtCsjz8kO90ZYg7_5pprof9criterion5testss_73stop_with_invalid_flamegraph_options_consumes_profiler_without_svg_output
FNDA:1,_RNvNtNtCsjz8kO90ZYg7_5pprof9criterion5testss_79stop_clears_active_protobuf_profiler_when_benchmark_directory_cannot_be_created
FNDA:1,_RNvNtNtCsjz8kO90ZYg7_5pprof9criterion5testss_81stop_clears_active_flamegraph_profiler_when_benchmark_directory_cannot_be_created
FNF:27
FNH:27
DA:37,15
DA:38,15
DA:39,15
DA:40,15
DA:41,15
DA:42,15
DA:43,15
DA:45,12
DA:46,12
DA:48,7
DA:50,5
DA:51,0
DA:53,12
DA:55,12
DA:56,12
DA:57,8
DA:58,8
DA:59,0
DA:60,0
DA:61,0
DA:64,12
DA:66,4
DA:67,4
DA:69,3
DA:72,1
DA:74,0
DA:76,4
DA:80,3
DA:81,3
DA:82,3
DA:83,3
DA:84,1
DA:85,2
DA:86,3
DA:89,1
DA:90,1
DA:91,1
DA:92,0
DA:93,0
DA:94,0
DA:98,1
DA:105,1
DA:106,0
DA:107,0
DA:108,1
DA:110,1
DA:111,0
DA:112,1
DA:113,1
DA:119,9
DA:120,9
DA:121,8
DA:122,1
DA:124,9
DA:126,11
DA:128,11
DA:130,11
DA:131,3
DA:132,3
DA:133,8
DA:135,8
DA:136,8
DA:137,8
DA:138,6
DA:139,2
DA:140,2
DA:141,2
DA:145,6
DA:146,4
DA:147,4
DA:148,11
DA:162,2
DA:163,2
DA:164,2
DA:167,2
DA:169,2
DA:170,2
DA:171,2
DA:173,2
DA:175,2
DA:176,2
DA:177,2
DA:178,2
DA:179,2
DA:181,4
DA:182,4
DA:183,4
DA:185,0
DA:186,4
DA:187,4
DA:188,4
DA:190,2
DA:191,2
DA:192,2
DA:193,2
DA:194,2
DA:195,2
DA:196,2
DA:197,2
DA:198,2
DA:200,2
DA:201,2
DA:202,2
DA:204,0
DA:205,2
DA:207,2
DA:208,2
DA:210,0
DA:211,2
DA:212,2
DA:213,2
DA:215,2
DA:216,2
DA:217,2
DA:218,2
DA:219,2
DA:220,2
DA:221,2
DA:223,2
DA:224,2
DA:225,2
DA:227,0
DA:228,2
DA:230,2
DA:231,2
DA:233,0
DA:234,2
DA:235,2
DA:237,0
DA:238,2
DA:239,2
DA:243,1
DA:244,1
DA:245,1
DA:246,1
DA:248,1
DA:249,1
DA:251,0
DA:252,1
DA:253,1
DA:255,1
DA:256,1
DA:257,1
DA:261,1
DA:262,1
DA:264,1
DA:265,1
DA:267,0
DA:268,1
DA:269,1
DA:272,1
DA:276,1
DA:277,1
DA:278,1
DA:282,1
DA:283,1
DA:284,1
DA:288,1
DA:289,1
DA:290,1
DA:294,1
DA:295,1
DA:297,1
DA:298,1
DA:300,0
DA:301,1
DA:302,1
DA:305,1
DA:309,1
DA:310,1
DA:312,1
DA:313,1
DA:316,1
DA:320,1
DA:321,1
DA:322,1
DA:326,1
DA:327,1
DA:328,1
DA:329,1
DA:331,1
DA:333,1
DA:334,1
DA:337,1
DA:341,1
DA:342,1
DA:343,1
DA:344,1
DA:346,1
DA:348,1
DA:349,1
DA:351,0
DA:353,1
DA:355,1
DA:356,1
DA:358,0
DA:359,1
DA:360,1
DA:361,1
DA:365,1
DA:366,1
DA:367,1
DA:368,1
DA:369,1
DA:371,1
DA:372,1
DA:374,1
DA:375,1
DA:377,0
DA:378,1
DA:379,1
DA:381,0
DA:383,1
DA:384,1
DA:385,1
DA:388,1
DA:392,1
DA:393,1
DA:394,1
DA:398,1
DA:399,1
DA:400,1
DA:404,1
DA:405,1
DA:406,1
DA:407,1
DA:408,1
DA:409,1
DA:410,1
DA:411,1
DA:413,1
DA:414,1
DA:416,0
DA:417,1
DA:418,1
DA:420,1
DA:421,1
DA:423,0
DA:424,1
DA:425,1
DA:426,1
DA:429,1
BRDA:83,0,0,1
BRDA:83,0,1,2
BRDA:105,0,0,0
BRDA:105,0,1,1
BRDA:110,0,0,0
BRDA:110,0,1,1
BRDA:130,0,0,3
BRDA:130,0,1,8
BRDA:145,0,0,4
BRDA:145,0,1,2
BRF:10
BRH:8
LF:242
LH:216
end_of_record
SF:/home/openai/strict-rs/strict-pprof-rs/src/error.rs
FN:38,_RNvNtNtCsjz8kO90ZYg7_5pprof5error5tests14io_source_kind
FN:98,_RNvNtNtCsjz8kO90ZYg7_5pprof5error5testss_50wrapped_errors_preserve_display_and_source_context
FN:46,_RNvNtNtCsjz8kO90ZYg7_5pprof5error5testss_52domain_errors_expose_stable_messages_without_sources
FN:41,_RNCNvNtNtCsjz8kO90ZYg7_5pprof5error5tests14io_source_kind0B7_
FNDA:3,_RNvNtNtCsjz8kO90ZYg7_5pprof5error5tests14io_source_kind
FNDA:1,_RNvNtNtCsjz8kO90ZYg7_5pprof5error5testss_50wrapped_errors_preserve_display_and_source_context
FNDA:1,_RNvNtNtCsjz8kO90ZYg7_5pprof5error5testss_52domain_errors_expose_stable_messages_without_sources
FNDA:3,_RNCNvNtNtCsjz8kO90ZYg7_5pprof5error5tests14io_source_kind0B7_
FNF:4
FNH:4
DA:38,3
DA:39,3
DA:40,3
DA:41,3
DA:42,3
DA:43,3
DA:46,1
DA:47,1
DA:48,1
DA:49,1
DA:50,1
DA:51,1
DA:53,1
DA:54,1
DA:55,1
DA:56,1
DA:57,1
DA:58,1
DA:59,1
DA:60,1
DA:61,1
DA:62,1
DA:63,1
DA:64,1
DA:65,1
DA:66,1
DA:67,1
DA:68,1
DA:69,1
DA:70,1
DA:71,1
DA:72,1
DA:73,1
DA:74,1
DA:75,1
DA:76,1
DA:77,1
DA:78,1
DA:79,1
DA:80,1
DA:81,1
DA:82,1
DA:83,1
DA:84,1
DA:85,1
DA:86,1
DA:87,1
DA:88,1
DA:89,1
DA:90,1
DA:91,1
DA:92,1
DA:93,1
DA:94,1
DA:95,1
DA:98,1
DA:99,1
DA:100,1
DA:101,1
DA:102,1
DA:104,1
DA:105,1
DA:106,1
DA:107,1
DA:108,1
DA:109,1
DA:110,1
DA:111,1
DA:112,1
DA:113,1
DA:114,1
DA:115,1
DA:116,1
DA:117,1
DA:118,1
DA:119,1
DA:120,1
DA:121,1
DA:122,1
DA:123,1
DA:124,1
DA:125,1
DA:126,1
DA:127,1
DA:128,1
DA:129,1
DA:130,1
DA:131,1
DA:132,1
DA:133,1
DA:134,1
DA:135,1
DA:136,1
DA:137,1
DA:138,1
DA:139,1
DA:140,1
DA:141,1
DA:142,1
DA:143,1
DA:144,1
BRF:0
BRH:0
LF:102
LH:102
end_of_record
SF:/home/openai/strict-rs/strict-pprof-rs/src/flamegraph.rs
FN:92,_RINvNtCs7grcQlcYysN_5pprof10flamegraph12write_reportNtNtCslA1p6lcXJtn_3std2fs4FileEB4_
FN:86,_RNCNvMs_NtCs7grcQlcYysN_5pprof10flamegraphNtB6_9FlameNode9max_depth0B8_
FN:68,_RNvMs_NtCs7grcQlcYysN_5pprof10flamegraphNtB4_9FlameNode12insert_stack
FN:82,_RNvMs_NtCs7grcQlcYysN_5pprof10flamegraphNtB4_9FlameNode9max_depth
FN:236,_RNvNtCs7grcQlcYysN_5pprof10flamegraph10label_fits
FN:149,_RNvNtCs7grcQlcYysN_5pprof10flamegraph10stack_path
FN:227,_RNvNtCs7grcQlcYysN_5pprof10flamegraph11frame_label
FN:242,_RNvNtCs7grcQlcYysN_5pprof10flamegraph15color_for_label
FN:215,_RNvNtCs7grcQlcYysN_5pprof10flamegraph15frame_rectangle
FN:187,_RNvNtCs7grcQlcYysN_5pprof10flamegraph15render_children
FN:159,_RNvNtCs7grcQlcYysN_5pprof10flamegraph15render_document
FN:131,_RNvNtCs7grcQlcYysN_5pprof10flamegraph16aggregate_report
FN:102,_RNvNtCs7grcQlcYysN_5pprof10flamegraph16validate_options
FN:40,_RNvXNtCs7grcQlcYysN_5pprof10flamegraphNtB2_7OptionsNtNtCs8r2hDutfFpp_4core7default7Default7default
FN:548,_RNvXNtNtCsjz8kO90ZYg7_5pprof10flamegraph5testsNtB2_13FailingWriterNtNtCslA1p6lcXJtn_3std2io5Write5flush
FN:68,_RNvMs_NtCsjz8kO90ZYg7_5pprof10flamegraphNtB4_9FlameNode12insert_stack
FN:82,_RNvMs_NtCsjz8kO90ZYg7_5pprof10flamegraphNtB4_9FlameNode9max_depth
FN:236,_RNvNtCsjz8kO90ZYg7_5pprof10flamegraph10label_fits
FN:149,_RNvNtCsjz8kO90ZYg7_5pprof10flamegraph10stack_path
FN:227,_RNvNtCsjz8kO90ZYg7_5pprof10flamegraph11frame_label
FN:242,_RNvNtCsjz8kO90ZYg7_5pprof10flamegraph15color_for_label
FN:215,_RNvNtCsjz8kO90ZYg7_5pprof10flamegraph15frame_rectangle
FN:187,_RNvNtCsjz8kO90ZYg7_5pprof10flamegraph15render_children
FN:159,_RNvNtCsjz8kO90ZYg7_5pprof10flamegraph15render_document
FN:131,_RNvNtCsjz8kO90ZYg7_5pprof10flamegraph16aggregate_report
FN:102,_RNvNtCsjz8kO90ZYg7_5pprof10flamegraph16validate_options
FN:40,_RNvXNtCsjz8kO90ZYg7_5pprof10flamegraphNtB2_7OptionsNtNtCs8r2hDutfFpp_4core7default7Default7default
FN:92,_RINvNtCsjz8kO90ZYg7_5pprof10flamegraph12write_reportINtNtCs3426yz8J6hl_5alloc3vec3VechEEB4_
FN:92,_RINvNtCsjz8kO90ZYg7_5pprof10flamegraph12write_reportNtNtB2_5tests13FailingWriterEB4_
FN:92,_RINvNtCsjz8kO90ZYg7_5pprof10flamegraph12write_reportNtNtCslA1p6lcXJtn_3std2fs4FileEB4_
FN:92,_RINvNtCsjz8kO90ZYg7_5pprof10flamegraph12write_reportQINtNtCs3426yz8J6hl_5alloc3vec3VechEEB4_
FN:86,_RNCNvMs_NtCsjz8kO90ZYg7_5pprof10flamegraphNtB6_9FlameNode9max_depth0B8_
FN:309,_RNvNtNtCsjz8kO90ZYg7_5pprof10flamegraph5tests19render_with_options
FN:283,_RNvNtNtCsjz8kO90ZYg7_5pprof10flamegraph5tests6frames
FN:303,_RNvNtNtCsjz8kO90ZYg7_5pprof10flamegraph5tests6render
FN:292,_RNvNtNtCsjz8kO90ZYg7_5pprof10flamegraph5tests6report
FN:274,_RNvNtNtCsjz8kO90ZYg7_5pprof10flamegraph5tests6symbol
FN:525,_RNvNtNtCsjz8kO90ZYg7_5pprof10flamegraph5testss_20maps_writer_failures
FN:328,_RNvNtNtCsjz8kO90ZYg7_5pprof10flamegraph5testss_21renders_report_as_svg
FN:489,_RNvNtNtCsjz8kO90ZYg7_5pprof10flamegraph5testss_23rejects_zero_dimensions
FN:473,_RNvNtNtCsjz8kO90ZYg7_5pprof10flamegraph5testss_24rejects_zero_image_width
FN:418,_RNvNtNtCsjz8kO90ZYg7_5pprof10flamegraph5testss_28ignores_non_positive_samples
FN:434,_RNvNtNtCsjz8kO90ZYg7_5pprof10flamegraph5testss_32culls_frames_below_minimum_width
FN:464,_RNvNtNtCsjz8kO90ZYg7_5pprof10flamegraph5testss_35renders_empty_report_as_minimal_svg
FN:385,_RNvNtNtCsjz8kO90ZYg7_5pprof10flamegraph5testss_36aggregates_stacks_with_shared_parent
FN:316,_RNvNtNtCsjz8kO90ZYg7_5pprof10flamegraph5testss_37default_options_match_public_contract
FN:355,_RNvNtNtCsjz8kO90ZYg7_5pprof10flamegraph5testss_42custom_title_and_font_options_are_rendered
FN:448,_RNvNtNtCsjz8kO90ZYg7_5pprof10flamegraph5testss_42omits_labels_that_do_not_fit_narrow_frames
FN:372,_RNvNtNtCsjz8kO90ZYg7_5pprof10flamegraph5testss_43renders_identical_reports_deterministically
FN:400,_RNvNtNtCsjz8kO90ZYg7_5pprof10flamegraph5testss_44renders_sample_counts_as_proportional_widths
FN:342,_RNvNtNtCsjz8kO90ZYg7_5pprof10flamegraph5testss_46default_width_is_used_when_image_width_is_none
FN:544,_RNvXNtNtCsjz8kO90ZYg7_5pprof10flamegraph5testsNtB2_13FailingWriterNtNtCslA1p6lcXJtn_3std2io5Write5write
FN:312,_RNCNvNtNtCsjz8kO90ZYg7_5pprof10flamegraph5tests19render_with_options0B7_
FN:285,_RNCNvNtNtCsjz8kO90ZYg7_5pprof10flamegraph5tests6frames0B7_
FN:306,_RNCNvNtNtCsjz8kO90ZYg7_5pprof10flamegraph5tests6render0B7_
FN:516,_RNCNvNtNtCsjz8kO90ZYg7_5pprof10flamegraph5testss_23rejects_zero_dimensions0B7_
FN:482,_RNCNvNtNtCsjz8kO90ZYg7_5pprof10flamegraph5testss_24rejects_zero_image_width0B7_
FNDA:0,_RINvNtCs7grcQlcYysN_5pprof10flamegraph12write_reportNtNtCslA1p6lcXJtn_3std2fs4FileEB4_
FNDA:0,_RNCNvMs_NtCs7grcQlcYysN_5pprof10flamegraphNtB6_9FlameNode9max_depth0B8_
FNDA:0,_RNvMs_NtCs7grcQlcYysN_5pprof10flamegraphNtB4_9FlameNode12insert_stack
FNDA:0,_RNvMs_NtCs7grcQlcYysN_5pprof10flamegraphNtB4_9FlameNode9max_depth
FNDA:0,_RNvNtCs7grcQlcYysN_5pprof10flamegraph10label_fits
FNDA:0,_RNvNtCs7grcQlcYysN_5pprof10flamegraph10stack_path
FNDA:0,_RNvNtCs7grcQlcYysN_5pprof10flamegraph11frame_label
FNDA:0,_RNvNtCs7grcQlcYysN_5pprof10flamegraph15color_for_label
FNDA:0,_RNvNtCs7grcQlcYysN_5pprof10flamegraph15frame_rectangle
FNDA:0,_RNvNtCs7grcQlcYysN_5pprof10flamegraph15render_children
FNDA:0,_RNvNtCs7grcQlcYysN_5pprof10flamegraph15render_document
FNDA:0,_RNvNtCs7grcQlcYysN_5pprof10flamegraph16aggregate_report
FNDA:0,_RNvNtCs7grcQlcYysN_5pprof10flamegraph16validate_options
[...]
FN:502,_RNvNtNtCs7grcQlcYysN_5pprof6report8protobuf20insert_frame_strings
FN:526,_RNvNtNtCs7grcQlcYysN_5pprof6report8protobuf22location_id_for_symbol
FN:511,_RNvNtNtCs7grcQlcYysN_5pprof6report8protobuf23location_ids_for_frames
FN:371,_RNvNtNtCs7grcQlcYysN_5pprof6report8protobuf8new_line
FN:410,_RNvNtNtCs7grcQlcYysN_5pprof6report8protobuf9new_label
FN:91,_RINvMNtCs7grcQlcYysN_5pprof6reportNtB3_13ReportBuilder21frames_post_processorpEB5_
FN:169,_RINvMs0_NtCs7grcQlcYysN_5pprof6reportNtB6_6Report10flamegraphpEB8_
FN:177,_RINvMs0_NtCs7grcQlcYysN_5pprof6reportNtB6_6Report23flamegraph_with_optionsNtNtCslA1p6lcXJtn_3std2fs4FileEB8_
FN:40,_RINvNtCs7grcQlcYysN_5pprof6report18add_positive_countNtNtB4_6frames16UnresolvedFramesEB4_
FN:40,_RINvNtCs7grcQlcYysN_5pprof6report18add_positive_countNtNtB4_6frames6FramesEB4_
FN:135,_RNCNvMNtCs7grcQlcYysN_5pprof6reportNtB4_13ReportBuilder5build0B6_
FN:701,_RNCNvNtNtNtCsjz8kO90ZYg7_5pprof6report8protobuf5testss_36pprof_rejects_non_positive_frequency0B9_
FN:738,_RNCNvNtNtNtCsjz8kO90ZYg7_5pprof6report8protobuf5testss_48pprof_report_maps_thread_label_and_sample_values0B9_
FN:832,_RNCNvNtNtNtCsjz8kO90ZYg7_5pprof6report8protobuf5testss_49pprof_reuses_locations_for_duplicate_symbol_names0B9_
FN:809,_RNCNvNtNtNtCsjz8kO90ZYg7_5pprof6report8protobuf5testss_52pprof_thread_label_uses_thread_id_when_name_is_empty0B9_
FN:755,_RNCNvNtNtNtCsjz8kO90ZYg7_5pprof6report8protobuf5testss_59pprof_report_uses_thread_id_label_when_thread_name_is_empty0B9_
FN:91,_RINvMNtCsjz8kO90ZYg7_5pprof6reportNtB3_13ReportBuilder21frames_post_processorNCNvNtB3_5testss_69report_builder_post_processor_can_normalize_and_merge_resolved_frames0EB5_
FN:169,_RINvMs0_NtCsjz8kO90ZYg7_5pprof6reportNtB6_6Report10flamegraphNtNtNtB8_10flamegraph5tests13FailingWriterEB8_
FN:169,_RINvMs0_NtCsjz8kO90ZYg7_5pprof6reportNtB6_6Report10flamegraphQINtNtCs3426yz8J6hl_5alloc3vec3VechEEB8_
FN:177,_RINvMs0_NtCsjz8kO90ZYg7_5pprof6reportNtB6_6Report23flamegraph_with_optionsNtNtCslA1p6lcXJtn_3std2fs4FileEB8_
FN:177,_RINvMs0_NtCsjz8kO90ZYg7_5pprof6reportNtB6_6Report23flamegraph_with_optionsNtNtNtB8_10flamegraph5tests13FailingWriterEB8_
FN:177,_RINvMs0_NtCsjz8kO90ZYg7_5pprof6reportNtB6_6Report23flamegraph_with_optionsQINtNtCs3426yz8J6hl_5alloc3vec3VechEEB8_
FN:40,_RINvNtCsjz8kO90ZYg7_5pprof6report18add_positive_countNtNtB4_6frames16UnresolvedFramesEB4_
FN:40,_RINvNtCsjz8kO90ZYg7_5pprof6report18add_positive_countNtNtB4_6frames6FramesEB4_
FN:135,_RNCNvMNtCsjz8kO90ZYg7_5pprof6reportNtB4_13ReportBuilder5build0B6_
FN:522,_RNCNvNtNtCsjz8kO90ZYg7_5pprof6report8protobuf23location_ids_for_frames0B7_
FN:206,_RNvNtNtCsjz8kO90ZYg7_5pprof6report5tests21profiler_with_samples
FN:202,_RNvNtNtCsjz8kO90ZYg7_5pprof6report5tests6sample
FN:307,_RNvNtNtCsjz8kO90ZYg7_5pprof6report5testss_34report_debug_renders_sample_counts
FN:244,_RNvNtNtCsjz8kO90ZYg7_5pprof6report5testss_43report_builder_ignores_non_positive_samples
FN:288,_RNvNtNtCsjz8kO90ZYg7_5pprof6report5testss_47report_builder_builds_empty_reports_with_timing
FN:215,_RNvNtNtCsjz8kO90ZYg7_5pprof6report5testss_50report_builder_maps_profiler_initialization_errors
FN:230,_RNvNtNtCsjz8kO90ZYg7_5pprof6report5testss_50report_builder_merges_duplicate_unresolved_samples
FN:263,_RNvNtNtCsjz8kO90ZYg7_5pprof6report5testss_69report_builder_post_processor_can_normalize_and_merge_resolved_frames
FN:101,_RNvMNtCsjz8kO90ZYg7_5pprof6reportNtB2_13ReportBuilder16build_unresolved
FN:81,_RNvMNtCsjz8kO90ZYg7_5pprof6reportNtB2_13ReportBuilder3new
FN:123,_RNvMNtCsjz8kO90ZYg7_5pprof6reportNtB2_13ReportBuilder5build
FN:558,_RNvMNtNtCsjz8kO90ZYg7_5pprof6report8protobufNtB4_6Report5pprof
FN:58,_RNvNtCsjz8kO90ZYg7_5pprof6report26frames_from_positive_entry
FN:156,_RNvXs_NtCsjz8kO90ZYg7_5pprof6reportNtB4_6ReportNtNtCs8r2hDutfFpp_4core3fmt5Debug3fmt
FN:661,_RNvNtNtNtCsjz8kO90ZYg7_5pprof6report8protobuf5tests11test_frames
FN:652,_RNvNtNtNtCsjz8kO90ZYg7_5pprof6report8protobuf5tests11test_symbol
FN:641,_RNvNtNtNtCsjz8kO90ZYg7_5pprof6report8protobuf5tests6report
FN:637,_RNvNtNtNtCsjz8kO90ZYg7_5pprof6report8protobuf5tests9string_at
FN:698,_RNvNtNtNtCsjz8kO90ZYg7_5pprof6report8protobuf5testss_36pprof_rejects_non_positive_frequency
FN:671,_RNvNtNtNtCsjz8kO90ZYg7_5pprof6report8protobuf5testss_40pprof_empty_report_has_required_metadata
FN:838,_RNvNtNtNtCsjz8kO90ZYg7_5pprof6report8protobuf5testss_41pprof_clamps_pre_epoch_start_time_to_zero
FN:712,_RNvNtNtNtCsjz8kO90ZYg7_5pprof6report8protobuf5testss_48pprof_report_maps_thread_label_and_sample_values
FN:820,_RNvNtNtNtCsjz8kO90ZYg7_5pprof6report8protobuf5testss_49pprof_reuses_locations_for_duplicate_symbol_names
FN:804,_RNvNtNtNtCsjz8kO90ZYg7_5pprof6report8protobuf5testss_52pprof_thread_label_uses_thread_id_when_name_is_empty
FN:766,_RNvNtNtNtCsjz8kO90ZYg7_5pprof6report8protobuf5testss_54pprof_preserves_location_order_for_multi_frame_samples
FN:748,_RNvNtNtNtCsjz8kO90ZYg7_5pprof6report8protobuf5testss_59pprof_report_uses_thread_id_label_when_thread_name_is_empty
FN:220,_RNCNvNtNtCsjz8kO90ZYg7_5pprof6report5testss_50report_builder_maps_profiler_initialization_errors0B7_
FN:224,_RNCNvNtNtCsjz8kO90ZYg7_5pprof6report5testss_50report_builder_maps_profiler_initialization_errorss_0B7_
FN:269,_RNCNvNtNtCsjz8kO90ZYg7_5pprof6report5testss_69report_builder_post_processor_can_normalize_and_merge_resolved_frames0B7_
FN:428,_RNvNtNtCsjz8kO90ZYg7_5pprof6report8protobuf10new_sample
FN:487,_RNvNtNtCsjz8kO90ZYg7_5pprof6report8protobuf11new_profile
FN:352,_RNvNtNtCsjz8kO90ZYg7_5pprof6report8protobuf12new_function
FN:391,_RNvNtNtCsjz8kO90ZYg7_5pprof6report8protobuf12new_location
FN:446,_RNvNtNtCsjz8kO90ZYg7_5pprof6report8protobuf14new_value_type
FN:502,_RNvNtNtCsjz8kO90ZYg7_5pprof6report8protobuf20insert_frame_strings
FN:526,_RNvNtNtCsjz8kO90ZYg7_5pprof6report8protobuf22location_id_for_symbol
FN:511,_RNvNtNtCsjz8kO90ZYg7_5pprof6report8protobuf23location_ids_for_frames
FN:371,_RNvNtNtCsjz8kO90ZYg7_5pprof6report8protobuf8new_line
FN:410,_RNvNtNtCsjz8kO90ZYg7_5pprof6report8protobuf9new_label
FNDA:0,_RNvMNtCs7grcQlcYysN_5pprof6reportNtB2_13ReportBuilder16build_unresolved
FNDA:0,_RNvMNtCs7grcQlcYysN_5pprof6reportNtB2_13ReportBuilder3new
FNDA:0,_RNvMNtCs7grcQlcYysN_5pprof6reportNtB2_13ReportBuilder5build
FNDA:0,_RNvMNtNtCs7grcQlcYysN_5pprof6report8protobufNtB4_6Report5pprof
FNDA:0,_RNvNtCs7grcQlcYysN_5pprof6report26frames_from_positive_entry
FNDA:0,_RNvXs_NtCs7grcQlcYysN_5pprof6reportNtB4_6ReportNtNtCs8r2hDutfFpp_4core3fmt5Debug3fmt
FNDA:0,_RNCNvNtNtCs7grcQlcYysN_5pprof6report8protobuf23location_ids_for_frames0B7_
FNDA:0,_RNvNtNtCs7grcQlcYysN_5pprof6report8protobuf10new_sample
FNDA:0,_RNvNtNtCs7grcQlcYysN_5pprof6report8protobuf11new_profile
FNDA:0,_RNvNtNtCs7grcQlcYysN_5pprof6report8protobuf12new_function
FNDA:0,_RNvNtNtCs7grcQlcYysN_5pprof6report8protobuf12new_location
FNDA:0,_RNvNtNtCs7grcQlcYysN_5pprof6report8protobuf14new_value_type
FNDA:0,_RNvNtNtCs7grcQlcYysN_5pprof6report8protobuf20insert_frame_strings
FNDA:0,_RNvNtNtCs7grcQlcYysN_5pprof6report8protobuf22location_id_for_symbol
FNDA:0,_RNvNtNtCs7grcQlcYysN_5pprof6report8protobuf23location_ids_for_frames
FNDA:0,_RNvNtNtCs7grcQlcYysN_5pprof6report8protobuf8new_line
FNDA:0,_RNvNtNtCs7grcQlcYysN_5pprof6report8protobuf9new_label
FNDA:0,_RINvMNtCs7grcQlcYysN_5pprof6reportNtB3_13ReportBuilder21frames_post_processorpEB5_
FNDA:0,_RINvMs0_NtCs7grcQlcYysN_5pprof6reportNtB6_6Report10flamegraphpEB8_
FNDA:0,_RINvMs0_NtCs7grcQlcYysN_5pprof6reportNtB6_6Report23flamegraph_with_optionsNtNtCslA1p6lcXJtn_3std2fs4FileEB8_
FNDA:0,_RINvNtCs7grcQlcYysN_5pprof6report18add_positive_countNtNtB4_6frames16UnresolvedFramesEB4_
FNDA:0,_RINvNtCs7grcQlcYysN_5pprof6report18add_positive_countNtNtB4_6frames6FramesEB4_
FNDA:0,_RNCNvMNtCs7grcQlcYysN_5pprof6reportNtB4_13ReportBuilder5build0B6_
FNDA:2,_RNCNvNtNtNtCsjz8kO90ZYg7_5pprof6report8protobuf5testss_36pprof_rejects_non_positive_frequency0B9_
FNDA:1,_RNCNvNtNtNtCsjz8kO90ZYg7_5pprof6report8protobuf5testss_48pprof_report_maps_thread_label_and_sample_values0B9_
FNDA:2,_RNCNvNtNtNtCsjz8kO90ZYg7_5pprof6report8protobuf5testss_49pprof_reuses_locations_for_duplicate_symbol_names0B9_
FNDA:1,_RNCNvNtNtNtCsjz8kO90ZYg7_5pprof6report8protobuf5testss_52pprof_thread_label_uses_thread_id_when_name_is_empty0B9_
FNDA:1,_RNCNvNtNtNtCsjz8kO90ZYg7_5pprof6report8protobuf5testss_59pprof_report_uses_thread_id_label_when_thread_name_is_empty0B9_
FNDA:1,_RINvMNtCsjz8kO90ZYg7_5pprof6reportNtB3_13ReportBuilder21frames_post_processorNCNvNtB3_5testss_69report_builder_post_processor_can_normalize_and_merge_resolved_frames0EB5_
FNDA:1,_RINvMs0_NtCsjz8kO90ZYg7_5pprof6reportNtB6_6Report10flamegraphNtNtNtB8_10flamegraph5tests13FailingWriterEB8_
FNDA:6,_RINvMs0_NtCsjz8kO90ZYg7_5pprof6reportNtB6_6Report10flamegraphQINtNtCs3426yz8J6hl_5alloc3vec3VechEEB8_
FNDA:3,_RINvMs0_NtCsjz8kO90ZYg7_5pprof6reportNtB6_6Report23flamegraph_with_optionsNtNtCslA1p6lcXJtn_3std2fs4FileEB8_
FNDA:1,_RINvMs0_NtCsjz8kO90ZYg7_5pprof6reportNtB6_6Report23flamegraph_with_optionsNtNtNtB8_10flamegraph5tests13FailingWriterEB8_
FNDA:11,_RINvMs0_NtCsjz8kO90ZYg7_5pprof6reportNtB6_6Report23flamegraph_with_optionsQINtNtCs3426yz8J6hl_5alloc3vec3VechEEB8_
FNDA:3,_RINvNtCsjz8kO90ZYg7_5pprof6report18add_positive_countNtNtB4_6frames16UnresolvedFramesEB4_
FNDA:2,_RINvNtCsjz8kO90ZYg7_5pprof6report18add_positive_countNtNtB4_6frames6FramesEB4_
FNDA:4,_RNCNvMNtCsjz8kO90ZYg7_5pprof6reportNtB4_13ReportBuilder5build0B6_
FNDA:6,_RNCNvNtNtCsjz8kO90ZYg7_5pprof6report8protobuf23location_ids_for_frames0B7_
FNDA:3,_RNvNtNtCsjz8kO90ZYg7_5pprof6report5tests21profiler_with_samples
FNDA:5,_RNvNtNtCsjz8kO90ZYg7_5pprof6report5tests6sample
FNDA:1,_RNvNtNtCsjz8kO90ZYg7_5pprof6report5testss_34report_debug_renders_sample_counts
FNDA:1,_RNvNtNtCsjz8kO90ZYg7_5pprof6report5testss_43report_builder_ignores_non_positive_samples
FNDA:1,_RNvNtNtCsjz8kO90ZYg7_5pprof6report5testss_47report_builder_builds_empty_reports_with_timing
FNDA:1,_RNvNtNtCsjz8kO90ZYg7_5pprof6report5testss_50report_builder_maps_profiler_initialization_errors
FNDA:1,_RNvNtNtCsjz8kO90ZYg7_5pprof6report5testss_50report_builder_merges_duplicate_unresolved_samples
FNDA:1,_RNvNtNtCsjz8kO90ZYg7_5pprof6report5testss_69report_builder_post_processor_can_normalize_and_merge_resolved_frames
FNDA:6,_RNvMNtCsjz8kO90ZYg7_5pprof6reportNtB2_13ReportBuilder16build_unresolved
FNDA:16,_RNvMNtCsjz8kO90ZYg7_5pprof6reportNtB2_13ReportBuilder3new
FNDA:12,_RNvMNtCsjz8kO90ZYg7_5pprof6reportNtB2_13ReportBuilder5build
FNDA:10,_RNvMNtNtCsjz8kO90ZYg7_5pprof6report8protobufNtB4_6Report5pprof
FNDA:4,_RNvNtCsjz8kO90ZYg7_5pprof6report26frames_from_positive_entry
FNDA:1,_RNvXs_NtCsjz8kO90ZYg7_5pprof6reportNtB4_6ReportNtNtCs8r2hDutfFpp_4core3fmt5Debug3fmt
FNDA:6,_RNvNtNtNtCsjz8kO90ZYg7_5pprof6report8protobuf5tests11test_frames
FNDA:6,_RNvNtNtNtCsjz8kO90ZYg7_5pprof6report8protobuf5tests11test_symbol
FNDA:8,_RNvNtNtNtCsjz8kO90ZYg7_5pprof6report8protobuf5tests6report
FNDA:15,_RNvNtNtNtCsjz8kO90ZYg7_5pprof6report8protobuf5tests9string_at
FNDA:1,_RNvNtNtNtCsjz8kO90ZYg7_5pprof6report8protobuf5testss_36pprof_rejects_non_positive_frequency
FNDA:1,_RNvNtNtNtCsjz8kO90ZYg7_5pprof6report8protobuf5testss_40pprof_empty_report_has_required_metadata
FNDA:1,_RNvNtNtNtCsjz8kO90ZYg7_5pprof6report8protobuf5testss_41pprof_clamps_pre_epoch_start_time_to_zero
FNDA:1,_RNvNtNtNtCsjz8kO90ZYg7_5pprof6report8protobuf5testss_48pprof_report_maps_thread_label_and_sample_values
FNDA:1,_RNvNtNtNtCsjz8kO90ZYg7_5pprof6report8protobuf5testss_49pprof_reuses_locations_for_duplicate_symbol_names
FNDA:1,_RNvNtNtNtCsjz8kO90ZYg7_5pprof6report8protobuf5testss_52pprof_thread_label_uses_thread_id_when_name_is_empty
FNDA:1,_RNvNtNtNtCsjz8kO90ZYg7_5pprof6report8protobuf5testss_54pprof_preserves_location_order_for_multi_frame_samples
FNDA:1,_RNvNtNtNtCsjz8kO90ZYg7_5pprof6report8protobuf5testss_59pprof_report_uses_thread_id_label_when_thread_name_is_empty
FNDA:1,_RNCNvNtNtCsjz8kO90ZYg7_5pprof6report5testss_50report_builder_maps_profiler_initialization_errors0B7_
FNDA:1,_RNCNvNtNtCsjz8kO90ZYg7_5pprof6report5testss_50report_builder_maps_profiler_initialization_errorss_0B7_
FNDA:2,_RNCNvNtNtCsjz8kO90ZYg7_5pprof6report5testss_69report_builder_post_processor_can_normalize_and_merge_resolved_frames0B7_
FNDA:6,_RNvNtNtCsjz8kO90ZYg7_5pprof6report8protobuf10new_sample
FNDA:8,_RNvNtNtCsjz8kO90ZYg7_5pprof6report8protobuf11new_profile
FNDA:5,_RNvNtNtCsjz8kO90ZYg7_5pprof6report8protobuf12new_function
FNDA:5,_RNvNtNtCsjz8kO90ZYg7_5pprof6report8protobuf12new_location
FNDA:24,_RNvNtNtCsjz8kO90ZYg7_5pprof6report8protobuf14new_value_type
FNDA:6,_RNvNtNtCsjz8kO90ZYg7_5pprof6report8protobuf20insert_frame_strings
FNDA:6,_RNvNtNtCsjz8kO90ZYg7_5pprof6report8protobuf22location_id_for_symbol
FNDA:6,_RNvNtNtCsjz8kO90ZYg7_5pprof6report8protobuf23location_ids_for_frames
FNDA:5,_RNvNtNtCsjz8kO90ZYg7_5pprof6report8protobuf8new_line
FNDA:6,_RNvNtNtCsjz8kO90ZYg7_5pprof6report8protobuf9new_label
FNF:50
FNH:50
DA:40,5
DA:41,5
DA:42,5
DA:44,5
DA:45,2
DA:46,3
DA:48,3
DA:49,1
DA:50,1
DA:51,1
DA:52,2
DA:53,2
DA:54,2
DA:56,5
DA:58,4
DA:59,4
DA:60,4
DA:61,4
DA:62,4
DA:63,2
DA:64,2
DA:66,2
DA:67,2
DA:68,2
DA:69,2
DA:70,2
DA:71,4
DA:81,16
DA:82,16
DA:83,16
DA:84,16
DA:85,16
DA:86,16
DA:87,16
DA:91,1
DA:92,1
DA:93,1
DA:95,1
DA:97,1
DA:98,1
DA:101,6
DA:102,6
DA:104,6
DA:105,1
DA:106,1
DA:107,1
DA:109,5
DA:110,5
DA:111,3
DA:112,3
DA:114,5
DA:115,5
DA:116,5
DA:117,5
DA:120,6
DA:123,12
DA:124,12
DA:126,12
DA:127,1
DA:128,1
DA:129,1
DA:131,11
DA:132,11
DA:133,11
DA:134,11
DA:135,11
DA:136,2
DA:137,2
DA:138,2
DA:140,11
DA:141,11
DA:142,11
DA:143,11
DA:146,12
DA:156,1
DA:157,1
DA:158,1
DA:159,1
DA:162,1
DA:163,1
DA:169,7
DA:170,7
DA:171,7
DA:173,7
DA:174,7
DA:177,15
DA:178,15
DA:179,15
DA:181,15
DA:182,15
DA:202,5
DA:203,5
DA:204,5
DA:206,3
DA:207,3
DA:208,6
DA:209,6
DA:211,3
DA:212,3
DA:215,1
DA:216,1
DA:217,1
DA:219,1
DA:220,1
DA:222,0
DA:223,1
DA:224,1
DA:227,1
DA:230,1
DA:231,1
DA:232,1
DA:233,1
DA:234,1
DA:236,0
DA:238,1
DA:239,1
DA:240,1
DA:241,1
DA:244,1
DA:245,1
DA:246,1
DA:247,1
DA:248,0
DA:249,1
DA:250,1
DA:252,0
DA:253,1
DA:254,1
DA:256,0
DA:258,1
DA:259,1
DA:260,1
DA:263,1
DA:264,1
DA:265,1
DA:266,1
DA:267,0
DA:268,1
DA:269,2
DA:270,2
DA:271,2
DA:272,2
DA:273,2
DA:275,1
DA:277,1
DA:278,1
DA:279,1
DA:280,1
DA:281,1
DA:282,1
DA:285,1
DA:288,1
DA:289,1
DA:290,1
DA:291,1
DA:292,1
DA:293,1
DA:294,1
DA:295,1
DA:297,1
DA:298,1
DA:300,1
DA:301,1
DA:302,1
DA:303,1
DA:304,1
DA:307,1
DA:308,1
DA:309,1
DA:310,1
DA:311,1
DA:312,1
DA:313,1
DA:314,1
DA:315,1
DA:316,1
DA:317,1
DA:319,1
DA:320,1
DA:323,1
DA:352,5
DA:353,5
DA:354,5
DA:355,5
DA:356,5
DA:357,5
DA:358,5
DA:359,5
DA:360,5
DA:371,5
DA:372,5
DA:373,5
DA:374,5
DA:375,5
DA:376,5
DA:377,5
DA:391,5
DA:392,5
DA:393,5
DA:394,5
DA:395,5
DA:396,5
DA:397,5
DA:410,6
DA:411,6
DA:412,6
DA:413,6
DA:414,6
DA:415,6
DA:416,6
DA:428,6
DA:429,6
DA:430,6
DA:431,6
DA:432,6
DA:433,6
DA:434,6
DA:435,6
DA:446,24
DA:447,24
DA:448,24
DA:449,24
DA:450,24
DA:451,24
DA:452,24
DA:487,8
DA:488,8
DA:489,8
DA:490,8
DA:491,8
DA:492,8
DA:493,8
DA:494,8
DA:495,8
DA:496,8
DA:497,8
DA:498,8
DA:499,8
DA:500,8
DA:502,6
DA:503,6
DA:504,6
DA:505,6
DA:506,6
DA:507,6
DA:508,6
DA:509,6
DA:511,6
DA:512,6
DA:513,6
DA:514,6
DA:515,6
DA:516,6
DA:517,6
DA:518,6
DA:519,6
DA:520,6
DA:521,6
DA:522,6
DA:523,6
DA:524,6
DA:526,6
DA:527,6
DA:528,6
DA:529,6
DA:530,6
DA:531,6
DA:532,6
DA:533,6
DA:534,6
DA:535,1
DA:536,5
DA:538,5
DA:539,5
DA:540,5
DA:541,5
DA:542,5
DA:543,5
DA:544,5
DA:545,5
DA:546,5
DA:548,5
DA:549,5
DA:550,5
DA:551,5
DA:552,5
DA:553,5
DA:554,6
DA:558,10
DA:559,10
DA:560,2
DA:561,8
DA:563,8
DA:564,8
DA:565,6
DA:566,6
DA:567,8
DA:568,8
DA:569,8
DA:570,8
DA:571,8
DA:573,8
DA:574,8
DA:576,8
DA:577,64
DA:578,64
DA:579,64
DA:581,8
DA:582,8
DA:583,8
DA:584,8
DA:585,8
DA:586,6
DA:587,6
DA:588,6
DA:589,6
DA:590,6
DA:591,6
DA:592,6
DA:593,6
DA:594,6
DA:595,6
DA:596,6
DA:597,6
DA:598,8
DA:599,8
DA:600,8
DA:601,8
DA:602,8
DA:603,8
DA:604,8
DA:605,8
DA:606,8
DA:607,8
DA:608,8
DA:609,8
DA:610,8
DA:611,8
DA:612,8
DA:613,8
DA:614,8
DA:615,8
DA:616,8
DA:617,8
DA:618,8
DA:619,8
DA:620,8
DA:621,10
DA:637,15
DA:638,15
DA:639,15
DA:641,8
DA:642,8
DA:643,8
DA:644,8
DA:645,8
DA:646,8
DA:647,8
DA:648,8
DA:649,8
DA:650,8
DA:652,6
DA:653,6
DA:654,6
DA:655,6
DA:656,6
DA:657,6
DA:658,6
DA:659,6
DA:661,6
DA:662,6
DA:663,6
DA:664,6
DA:665,6
DA:666,6
DA:667,6
DA:668,6
DA:671,1
DA:672,1
DA:674,1
DA:675,1
DA:676,1
DA:677,1
DA:678,1
DA:680,0
DA:681,1
DA:682,1
DA:684,0
DA:685,1
DA:686,1
DA:688,0
DA:689,1
DA:690,1
DA:692,0
DA:693,1
DA:694,1
DA:695,1
DA:698,1
DA:699,2
DA:700,2
DA:701,2
DA:702,2
DA:703,2
DA:704,2
DA:706,0
DA:708,1
DA:709,1
DA:712,1
DA:713,1
DA:714,1
DA:716,1
DA:718,1
DA:719,1
DA:720,1
DA:721,1
DA:723,0
DA:724,1
DA:725,1
DA:726,1
DA:727,1
DA:729,0
DA:730,1
DA:731,1
DA:733,0
DA:734,1
DA:735,1
DA:737,1
DA:738,1
DA:740,0
DA:741,1
DA:742,1
DA:745,1
DA:748,1
DA:749,1
DA:750,1
DA:752,1
DA:753,1
DA:754,1
DA:755,1
DA:757,0
DA:759,1
DA:760,1
DA:763,1
DA:766,1
DA:767,1
DA:768,1
DA:769,1
DA:772,1
DA:773,1
DA:775,0
DA:776,1
DA:778,1
DA:779,1
DA:781,0
DA:782,1
DA:783,1
DA:784,1
DA:786,0
DA:787,1
DA:788,1
DA:790,0
DA:791,1
DA:792,1
DA:793,1
DA:795,0
DA:796,1
DA:797,1
DA:798,1
DA:801,1
DA:804,1
DA:805,1
DA:806,1
DA:807,1
DA:808,1
DA:809,1
DA:811,0
DA:813,1
DA:814,1
DA:817,1
DA:820,1
DA:821,1
DA:822,1
DA:823,1
DA:824,1
DA:826,0
DA:828,1
DA:829,1
DA:830,1
DA:831,1
DA:832,2
DA:835,1
DA:838,1
DA:839,1
DA:840,1
DA:841,1
DA:842,1
DA:843,1
DA:844,1
DA:845,1
DA:846,1
DA:848,1
DA:850,1
DA:851,1
DA:852,1
DA:855,1
BRDA:44,0,0,2
BRDA:44,0,1,3
BRDA:62,0,0,2
BRDA:62,0,1,2
BRDA:67,0,0,2
BRDA:67,0,1,0
BRDA:534,0,0,1
BRDA:534,0,1,5
BRDA:559,0,0,2
BRDA:559,0,1,8
BRF:10
BRH:9
LF:515
LH:491
end_of_record
SF:/home/openai/strict-rs/strict-pprof-rs/src/timer.rs
FN:38,_RNvMNtCs7grcQlcYysN_5pprof5timerNtB2_5Timer3new
FN:66,_RNvMNtCs7grcQlcYysN_5pprof5timerNtB2_5Timer6timing
FN:106,_RNvXs0_NtCs7grcQlcYysN_5pprof5timerNtB5_12ReportTimingNtNtCs8r2hDutfFpp_4core7default7Default7default
FN:76,_RNvXs_NtCs7grcQlcYysN_5pprof5timerNtB4_5TimerNtNtNtCs8r2hDutfFpp_4core3ops4drop4Drop4drop
FN:76,_RNvXs_NtCsjz8kO90ZYg7_5pprof5timerNtB4_5TimerNtNtNtCs8r2hDutfFpp_4core3ops4drop4Drop4drop
FN:38,_RNvMNtCsjz8kO90ZYg7_5pprof5timerNtB2_5Timer3new
FN:66,_RNvMNtCsjz8kO90ZYg7_5pprof5timerNtB2_5Timer6timing
FN:106,_RNvXs0_NtCsjz8kO90ZYg7_5pprof5timerNtB5_12ReportTimingNtNtCs8r2hDutfFpp_4core7default7Default7default
FN:124,_RNvNtNtCsjz8kO90ZYg7_5pprof5timer5testss_50report_timing_default_is_epoch_with_unit_frequency
FN:133,_RNvNtNtCsjz8kO90ZYg7_5pprof5timer5testss_55timer_records_frequency_start_time_and_elapsed_duration
FNDA:0,_RNvMNtCs7grcQlcYysN_5pprof5timerNtB2_5Timer3new
FNDA:0,_RNvMNtCs7grcQlcYysN_5pprof5timerNtB2_5Timer6timing
FNDA:0,_RNvXs0_NtCs7grcQlcYysN_5pprof5timerNtB5_12ReportTimingNtNtCs8r2hDutfFpp_4core7default7Default7default
FNDA:0,_RNvXs_NtCs7grcQlcYysN_5pprof5timerNtB4_5TimerNtNtNtCs8r2hDutfFpp_4core3ops4drop4Drop4drop
FNDA:17,_RNvXs_NtCsjz8kO90ZYg7_5pprof5timerNtB4_5TimerNtNtNtCs8r2hDutfFpp_4core3ops4drop4Drop4drop
FNDA:17,_RNvMNtCsjz8kO90ZYg7_5pprof5timerNtB2_5Timer3new
FNDA:10,_RNvMNtCsjz8kO90ZYg7_5pprof5timerNtB2_5Timer6timing
FNDA:8,_RNvXs0_NtCsjz8kO90ZYg7_5pprof5timerNtB5_12ReportTimingNtNtCs8r2hDutfFpp_4core7default7Default7default
FNDA:1,_RNvNtNtCsjz8kO90ZYg7_5pprof5timer5testss_50report_timing_default_is_epoch_with_unit_frequency
FNDA:1,_RNvNtNtCsjz8kO90ZYg7_5pprof5timer5testss_55timer_records_frequency_start_time_and_elapsed_duration
FNF:6
FNH:6
DA:38,17
DA:39,17
DA:40,17
DA:41,17
DA:42,17
DA:43,17
DA:44,17
DA:47,17
DA:49,17
DA:50,17
DA:51,17
DA:52,17
DA:53,17
DA:57,17
DA:58,17
DA:59,17
DA:60,17
DA:61,17
DA:62,17
DA:66,10
DA:67,10
DA:68,10
DA:69,10
DA:70,10
DA:71,10
DA:72,10
DA:76,17
DA:77,17
DA:78,17
DA:79,17
DA:80,17
DA:82,17
DA:84,17
DA:85,17
DA:86,17
DA:87,17
DA:88,17
DA:91,17
DA:106,8
DA:107,8
DA:108,8
DA:109,8
DA:110,8
DA:111,8
DA:112,8
DA:124,1
DA:125,1
DA:127,1
DA:128,1
DA:129,1
DA:130,1
DA:133,1
DA:134,1
DA:135,1
DA:137,1
DA:138,1
DA:139,1
DA:141,0
DA:142,1
DA:143,1
DA:146,1
BRF:0
BRH:0
LF:61
LH:60
end_of_record